Final Result = 326.0/450.0
Automark = 83.0% (29.049999999999997 / 35), DN
1. Player Movement

Test 1-1: Test the player can move down
SUCCESS DONE

Test 1-2: Test the player can move up
SUCCESS DONE

Test 1-3: Test the player can move left
SUCCESS DONE

Test 1-4: Test the player can move right
SUCCESS DONE

2. Interface Methods

Test 2-1: Testing newGame interface method normal operation
SUCCESS DONE

Test 2-2: Testing newGame on a nonexistent dungeon
SUCCESS DONE

Test 2-3: Testing tick interface method normal operation
SUCCESS DONE

Test 2-4: Testing tick with an unusable item in the inventory
SUCCESS DONE

Test 2-5: Testing tick with an item that is not in the player's inventory
SUCCESS DONE

3. Boulders

Test 3-1: Test pushing a boulder
SUCCESS DONE

Test 3-2: Test attempting to push a boulder into a wall
SUCCESS DONE

Test 3-3: Test the player is unable to push two boulders
SUCCESS DONE

4. Doors & Keys

Test 4-1: Test player cannot walk through a closed door
SUCCESS DONE

Test 4-2: Test player can pick up a key and add to inventory
SUCCESS DONE

Test 4-3: Test player can use a key to open and walk through a door
SUCCESS DONE

Test 4-4: Test player cannot pickup two keys at the same time
SUCCESS DONE

Test 4-5: Test player can pick up a second key after using the first
SUCCESS DONE

Test 4-6: Test player cannot open a door with the wrong key
SUCCESS DONE

Test 4-7: Test doors remain open and the player can move through the door without a key
SUCCESS DONE

5. Buildable Entities

Test 5-1: Test IllegalArgumentException is raised when attempting to build an unknown entity - sword
SUCCESS DONE

Test 5-2: Test InvalidActionException is raised when the player does not have sufficient items to build a bow or shield
SUCCESS DONE

Test 5-3: Test building a bow
SUCCESS DONE

Test 5-4: Test building a shield with a key
SUCCESS DONE

Test 5-5: Test building a shield with treasure
SUCCESS DONE

Test 5-6: Test DungeonResponse buildables parameter is a list of buildable item types that the player can build with their current inventory
SUCCESS DONE

6. Potions

Test 6-1: Test invincibility potion can be picked up and consumed
SUCCESS DONE

Test 6-2: Test invisibility potion can be picked up and consumed
SUCCESS DONE

Test 6-3: Test the effects of the invincibility potion only last for a limited time
SUCCESS DONE

Test 6-4: Test the effects of the invisibility potion only last for a limited time
SUCCESS DONE

Test 6-5: Test invincibility potions do not change spider movement
SUCCESS DONE

Test 6-6: Test invincibility potions cause zombies to run away
SUCCESS DONE

Test 6-7: Test invincibility potions cause mercenaries to run away
SUCCESS DONE

Test 6-8: Test when the effects of a second potion are 'queued' and will take place the tick following the previous potion wearing off
SUCCESS DONE

7. Portals

Test 7-1: Test portals work both ways
SUCCESS DONE

Test 7-2: Test player cannot teleport into a wall
SUCCESS DONE

Test 7-3: Test portal has no affect on spiders
SUCCESS DONE

Test 7-4: Test portal has no affect on zombies
SUCCESS DONE

Test 7-5: Test portal matching when there are multiple portals
SUCCESS DONE

Test 7-6: Test chain teleporting between multiple portals
SUCCESS DONE

8. Bombs

Test 8-1: Test picking up a bomb removes the bomb from the map and adds the bomb to the inventory
SUCCESS DONE

Test 8-2: Test placing a bomb removes it from the inventory and places it on the map at the character's location
SUCCESS DONE

Test 8-3: Test placing a bomb on a map diagonally adjacent to an active switch will not cause the bomb to detonate
SUCCESS DONE

Test 8-4: Test placing a bomb on a map cardinally adjacent to an active switch causes the bomb to detonate removing surrounding entities except for the player
SUCCESS DONE

Test 8-5: Test placing a bomb on a map cardinally adjacent to an inactive switch and then activating the switch causes the bomb to detonate removing surrounding entities except for the player
SUCCESS DONE

Test 8-6: Test placing a bomb cardinally adjacent to an inactive switch does not cause the bomb to explode
SUCCESS DONE

Test 8-7: Test surrounding entities are removed when placing a bomb next to an active switch with config file bomb radius set to 2
SUCCESS DONE

Test 8-8: Test surrounding entities are removed when placing a bomb next to an active switch with config file bomb radius set to 10
SUCCESS DONE

9. Spiders

Test 9-1: Test basic movement of spiders
SUCCESS DONE

Test 9-2: Test spiders can traverse through walls
SUCCESS DONE

Test 9-3: Test spiders can traverse through switches doors and exits
SUCCESS DONE

Test 9-4: Test spiders cannot move through boulders and reverses direction
SUCCESS DONE

Test 9-5: Test spider_spawn_rate = 0 in config file
SUCCESS DONE

Test 9-6: Test spider_spawn_rate = 1 5 10 in config file
SUCCESS DONE

10. Zombies

Test 10-1: Testing zombies movement
SUCCESS DONE

Test 10-2: Testing zombies cannot move through doors and walls
SUCCESS DONE

Test 10-3: Testing zombie spawners spawn zombies every x ticks
SUCCESS DONE

Test 10-4: Testing that a dungeon with 2 spawners spawns 2 zombies at a time
SUCCESS DONE

Test 10-5: Testing zombie toast spawners spawn zombies in cardinally adjacent open squares
SUCCESS DONE

Test 10-6: Testing zombie toast spawners won't spawn zombies if there are no cardinally adjacent open squares
SUCCESS DONE

Test 10-7: Testing destroying a zombie toast spawner
SUCCESS DONE

11. Battles

Test 11-1: Test player battles spider and player dies
SUCCESS DONE

Test 11-2: Test player battles spider and spider dies
SUCCESS DONE

Test 11-3: Test player battles zombie and player dies
SUCCESS DONE

Test 11-4: Test player battles zombie and zombie dies
SUCCESS DONE

Test 11-5: Test player battles mercenary and player dies
SUCCESS DONE

Test 11-6: Test player battles mercenary and mercenary dies
SUCCESS DONE

Test 11-7: Test player wins a battle against a spider with an invinicibility potion
SUCCESS DONE

Test 11-8: Test player wins a battle against a zombie with an invincibility potion
SUCCESS DONE

Test 11-9: Test a player wins a battle against a mercenary with an invincibility potion
SUCCESS DONE

Test 11-10: Test the player battles three enemies consecutively and defeats them
SUCCESS DONE

Test 11-11: Test basic health calculations spider - player wins
SUCCESS DONE

Test 11-12: Test basic health calculations zombie - player wins
SUCCESS DONE

Test 11-13: Test basic health calculations mercenary - player wins
SUCCESS DONE

Test 11-14: Test basic health calculations spider - player loses
SUCCESS DONE

Test 11-15: Test basic health calculations zombie - player loses
SUCCESS DONE

Test 11-16: Test basic health calculations mercenary - player loses
SUCCESS DONE

Test 11-17: Test attack twice with bow - spider
SUCCESS DONE

Test 11-18: Test shield reduces enemy attack
SUCCESS DONE

Test 11-19: Test bow durability
SUCCESS DONE

Test 11-20: Test shield durability
SUCCESS DONE

Test 11-21: Test sword increases attack damage
SUCCESS DONE

Test 11-22: Test sword durability
SUCCESS DONE

12. Mercenaries

Test 12-1: Test mercenary in line with Player moves towards them
SUCCESS DONE

Test 12-2: Test mercenary stops if they cannot move any closer to the player
SUCCESS DONE

Test 12-3: Test mercenaries can not move through closed doors
SUCCESS DONE

Test 12-4: Test mercenary moves around a wall to get to the player
SUCCESS DONE

Test 12-5: Testing a mercenary can be bribed with a certain amount
SUCCESS DONE

Test 12-6: Testing a mercenary can be bribed within a radius
SUCCESS DONE

Test 12-7: Testing an allied mercenary does not battle the player
SUCCESS DONE

Test 12-8: Testing an allied mercenary follows the Player around occupying the square the player was previously in
MercenaryTest > Testing an allied mercenary follows the Player around, occupying the square the player was previously in FAILED org.opentest4j.AssertionFailedError: expected: <Position [x=2, y=1, z=0]> but was: <Position [x=3, y=1, z=0]> at app//org.junit.jupiter.api.AssertionUtils.fail(AssertionUtils.java:55) at app//org.junit.jupiter.api.AssertionUtils.failNotEqual(AssertionUtils.java:62) at app//org.junit.jupiter.api.AssertEquals.assertEquals(AssertEquals.java:182) at app//org.junit.jupiter.api.AssertEquals.assertEquals(AssertEquals.java:177) at app//org.junit.jupiter.api.Assertions.assertEquals(Assertions.java:1141) at app//dungeonmania.automarking.MercenaryTest.allyMovement(MercenaryTest.java:214) FAILURE DONE 1 test completed, 1 failed FAILURE: Build failed with an exception. FRONTEND.md README.md SETUP.md assumptions.md assumptions.pdf build build.gradle config_template.json credits.md d_advanced1Save.game.dat d_advancedSave.game.dat d_advancedSaveOnce.game.dat d_advancedSaveTwice.game.dat d_boulderPushSave.game.dat d_doorsKeysSave.game.dat d_invincibilityPotionTestSave.game.dat d_invisibilityPotionTestSave.game.dat d_m3EntitiesSave.game.dat d_mazeSave.game.dat d_saveInventoryTest.game.dat d_saveLoadInventoryTest.game.dat d_swampSave.game.dat d_timeTravelEntitiesSave.game.dat design.pdf design_milestone_1+2.pdf design_milestone_1.pdf extract_coverage.sh gradle gradlew gradlew.bat images planning.pdf planning_milestone_1+2.pdf setup src testing.md testing.pdf timeTest.game.dat What went wrong: Execution failed for task ':test'. > There were failing tests. See the report at: file:///F12A_ICECREAM/build/reports/tests/test/index.html FRONTEND.md README.md SETUP.md assumptions.md assumptions.pdf build build.gradle config_template.json credits.md d_advanced1Save.game.dat d_advancedSave.game.dat d_advancedSaveOnce.game.dat d_advancedSaveTwice.game.dat d_boulderPushSave.game.dat d_doorsKeysSave.game.dat d_invincibilityPotionTestSave.game.dat d_invisibilityPotionTestSave.game.dat d_m3EntitiesSave.game.dat d_mazeSave.game.dat d_saveInventoryTest.game.dat d_saveLoadInventoryTest.game.dat d_swampSave.game.dat d_timeTravelEntitiesSave.game.dat design.pdf design_milestone_1+2.pdf design_milestone_1.pdf extract_coverage.sh gradle gradlew gradlew.bat images planning.pdf planning_milestone_1+2.pdf setup src testing.md testing.pdf timeTest.game.dat Try: > Run with --stacktrace option to get the stack trace. > Run with --info or --debug option to get more log output. > Run with --scan to get full insights. FRONTEND.md README.md SETUP.md assumptions.md assumptions.pdf build build.gradle config_template.json credits.md d_advanced1Save.game.dat d_advancedSave.game.dat d_advancedSaveOnce.game.dat d_advancedSaveTwice.game.dat d_boulderPushSave.game.dat d_doorsKeysSave.game.dat d_invincibilityPotionTestSave.game.dat d_invisibilityPotionTestSave.game.dat d_m3EntitiesSave.game.dat d_mazeSave.game.dat d_saveInventoryTest.game.dat d_saveLoadInventoryTest.game.dat d_swampSave.game.dat d_timeTravelEntitiesSave.game.dat design.pdf design_milestone_1+2.pdf design_milestone_1.pdf extract_coverage.sh gradle gradlew gradlew.bat images planning.pdf planning_milestone_1+2.pdf setup src testing.md testing.pdf timeTest.game.dat Get more help at https://help.gradle.org BUILD FAILED in 3s

13. Basic Goals

Test 13-1: Test achieving a basic exit goal
SUCCESS DONE

Test 13-2: Test achieving a basic enemy goal
SUCCESS DONE

Test 13-3: Test achieving a basic enemy goal with spawners
SUCCESS DONE

Test 13-4: Test achieving a basic boulders goal
SUCCESS DONE

Test 13-5: Test achieving a boulders goal where there are five switches
SUCCESS DONE

Test 13-6: Test achieving a basic treasure goal
SUCCESS DONE

14. Complex Goals

Test 14-1: Testing a map with 4 conjunction goal
SUCCESS DONE

Test 14-2: Testing a map with 4 disjunction goal
SUCCESS DONE

Test 14-3: Testing a map with mixed conjunction/disjunction goal
SUCCESS DONE

Test 14-4: Testing that the exit goal must be achieved last in EXIT and TREASURE
SUCCESS DONE

Test 14-5: Testing that the exit goal must be achieved last in ENEMIES and EXIT and TREASURE
SUCCESS DONE

Test 14-6: Testing a switch goal can be achieved and then become unachieved
SUCCESS DONE

15. Bosses

Test 15-1: Testing an assassin in line with Player moves towards them
SUCCESS DONE

Test 15-2: Test assassins can not move through walls and closed doors
SUCCESS DONE

Test 15-3: Testing bribing an assassin with 0 fail rate
SUCCESS DONE

Test 15-4: Testing bribing an assassin with 100% fail rate
SUCCESS DONE

Test 15-5: Testing fail to bribe an assassin and no refund
SUCCESS DONE

Test 15-6: Testing assassin will keep moving to the player in its recon radius
SUCCESS DONE

Test 15-7: Testing basic movement for hydra
SUCCESS DONE

Test 15-8: Testing hydra cannot move through closed doors and walls
SUCCESS DONE

Test 15-9: Test player wins a battle against hydra when hydra does not increase health when taking damage
SUCCESS DONE

Test 15-10: Test the hydra must increase health when taking damage - player loses
SUCCESS DONE

16. Swamp Tiles & Pathfinding

Test 16-1: Testing mercenary gets stuck in swamp
SUCCESS DONE

Test 16-2: Testing Assassin gets stuck in swamp
SUCCESS DONE

Test 16-3: Testing if mercenaries take into account movement factor when pathfinding
SwampTileTest > Testing if mercenaries take into account movement factor when pathfinding FAILED org.opentest4j.AssertionFailedError: expected: <true> but was: <false> at app//org.junit.jupiter.api.AssertionUtils.fail(AssertionUtils.java:55) at app//org.junit.jupiter.api.AssertTrue.assertTrue(AssertTrue.java:40) at app//org.junit.jupiter.api.AssertTrue.assertTrue(AssertTrue.java:35) at app//org.junit.jupiter.api.Assertions.assertTrue(Assertions.java:179) at app//dungeonmania.automarkingM3.SwampTileTest.mercPathfindWithSwampTile(SwampTileTest.java:87) FAILURE DONE 1 test completed, 1 failed FAILURE: Build failed with an exception. FRONTEND.md README.md SETUP.md assumptions.md assumptions.pdf build build.gradle config_template.json credits.md d_advanced1Save.game.dat d_advancedSave.game.dat d_advancedSaveOnce.game.dat d_advancedSaveTwice.game.dat d_boulderPushSave.game.dat d_doorsKeysSave.game.dat d_invincibilityPotionTestSave.game.dat d_invisibilityPotionTestSave.game.dat d_m3EntitiesSave.game.dat d_mazeSave.game.dat d_saveInventoryTest.game.dat d_saveLoadInventoryTest.game.dat d_swampSave.game.dat d_timeTravelEntitiesSave.game.dat design.pdf design_milestone_1+2.pdf design_milestone_1.pdf extract_coverage.sh gradle gradlew gradlew.bat images planning.pdf planning_milestone_1+2.pdf setup src testing.md testing.pdf timeTest.game.dat What went wrong: Execution failed for task ':test'. > There were failing tests. See the report at: file:///F12A_ICECREAM/build/reports/tests/test/index.html FRONTEND.md README.md SETUP.md assumptions.md assumptions.pdf build build.gradle config_template.json credits.md d_advanced1Save.game.dat d_advancedSave.game.dat d_advancedSaveOnce.game.dat d_advancedSaveTwice.game.dat d_boulderPushSave.game.dat d_doorsKeysSave.game.dat d_invincibilityPotionTestSave.game.dat d_invisibilityPotionTestSave.game.dat d_m3EntitiesSave.game.dat d_mazeSave.game.dat d_saveInventoryTest.game.dat d_saveLoadInventoryTest.game.dat d_swampSave.game.dat d_timeTravelEntitiesSave.game.dat design.pdf design_milestone_1+2.pdf design_milestone_1.pdf extract_coverage.sh gradle gradlew gradlew.bat images planning.pdf planning_milestone_1+2.pdf setup src testing.md testing.pdf timeTest.game.dat Try: > Run with --stacktrace option to get the stack trace. > Run with --info or --debug option to get more log output. > Run with --scan to get full insights. FRONTEND.md README.md SETUP.md assumptions.md assumptions.pdf build build.gradle config_template.json credits.md d_advanced1Save.game.dat d_advancedSave.game.dat d_advancedSaveOnce.game.dat d_advancedSaveTwice.game.dat d_boulderPushSave.game.dat d_doorsKeysSave.game.dat d_invincibilityPotionTestSave.game.dat d_invisibilityPotionTestSave.game.dat d_m3EntitiesSave.game.dat d_mazeSave.game.dat d_saveInventoryTest.game.dat d_saveLoadInventoryTest.game.dat d_swampSave.game.dat d_timeTravelEntitiesSave.game.dat design.pdf design_milestone_1+2.pdf design_milestone_1.pdf extract_coverage.sh gradle gradlew gradlew.bat images planning.pdf planning_milestone_1+2.pdf setup src testing.md testing.pdf timeTest.game.dat Get more help at https://help.gradle.org BUILD FAILED in 3s

Test 16-4: Testing player does not get slowed by swamp tile
SUCCESS DONE

Test 16-5: Testing spider is slowed by swamp tile and that movement is still circling
SwampTileTest > Testing spider is slowed by swamp tile and that movement is still circling FAILED org.opentest4j.AssertionFailedError: expected: <true> but was: <false> at app//org.junit.jupiter.api.AssertionUtils.fail(AssertionUtils.java:55) at app//org.junit.jupiter.api.AssertTrue.assertTrue(AssertTrue.java:40) at app//org.junit.jupiter.api.AssertTrue.assertTrue(AssertTrue.java:35) at app//org.junit.jupiter.api.Assertions.assertTrue(Assertions.java:179) at app//dungeonmania.automarkingM3.SwampTileTest.testSpiderSlowedBySwamp(SwampTileTest.java:133) FAILURE DONE 1 test completed, 1 failed FAILURE: Build failed with an exception. FRONTEND.md README.md SETUP.md assumptions.md assumptions.pdf build build.gradle config_template.json credits.md d_advanced1Save.game.dat d_advancedSave.game.dat d_advancedSaveOnce.game.dat d_advancedSaveTwice.game.dat d_boulderPushSave.game.dat d_doorsKeysSave.game.dat d_invincibilityPotionTestSave.game.dat d_invisibilityPotionTestSave.game.dat d_m3EntitiesSave.game.dat d_mazeSave.game.dat d_saveInventoryTest.game.dat d_saveLoadInventoryTest.game.dat d_swampSave.game.dat d_timeTravelEntitiesSave.game.dat design.pdf design_milestone_1+2.pdf design_milestone_1.pdf extract_coverage.sh gradle gradlew gradlew.bat images planning.pdf planning_milestone_1+2.pdf setup src testing.md testing.pdf timeTest.game.dat What went wrong: Execution failed for task ':test'. > There were failing tests. See the report at: file:///F12A_ICECREAM/build/reports/tests/test/index.html FRONTEND.md README.md SETUP.md assumptions.md assumptions.pdf build build.gradle config_template.json credits.md d_advanced1Save.game.dat d_advancedSave.game.dat d_advancedSaveOnce.game.dat d_advancedSaveTwice.game.dat d_boulderPushSave.game.dat d_doorsKeysSave.game.dat d_invincibilityPotionTestSave.game.dat d_invisibilityPotionTestSave.game.dat d_m3EntitiesSave.game.dat d_mazeSave.game.dat d_saveInventoryTest.game.dat d_saveLoadInventoryTest.game.dat d_swampSave.game.dat d_timeTravelEntitiesSave.game.dat design.pdf design_milestone_1+2.pdf design_milestone_1.pdf extract_coverage.sh gradle gradlew gradlew.bat images planning.pdf planning_milestone_1+2.pdf setup src testing.md testing.pdf timeTest.game.dat Try: > Run with --stacktrace option to get the stack trace. > Run with --info or --debug option to get more log output. > Run with --scan to get full insights. FRONTEND.md README.md SETUP.md assumptions.md assumptions.pdf build build.gradle config_template.json credits.md d_advanced1Save.game.dat d_advancedSave.game.dat d_advancedSaveOnce.game.dat d_advancedSaveTwice.game.dat d_boulderPushSave.game.dat d_doorsKeysSave.game.dat d_invincibilityPotionTestSave.game.dat d_invisibilityPotionTestSave.game.dat d_m3EntitiesSave.game.dat d_mazeSave.game.dat d_saveInventoryTest.game.dat d_saveLoadInventoryTest.game.dat d_swampSave.game.dat d_timeTravelEntitiesSave.game.dat design.pdf design_milestone_1+2.pdf design_milestone_1.pdf extract_coverage.sh gradle gradlew gradlew.bat images planning.pdf planning_milestone_1+2.pdf setup src testing.md testing.pdf timeTest.game.dat Get more help at https://help.gradle.org BUILD FAILED in 4s

Test 16-6: Testing multiple swamp tiles all slow
SwampTileTest > Testing multiple swamp tiles all slow FAILED org.opentest4j.AssertionFailedError: expected: <true> but was: <false> at app//org.junit.jupiter.api.AssertionUtils.fail(AssertionUtils.java:55) at app//org.junit.jupiter.api.AssertTrue.assertTrue(AssertTrue.java:40) at app//org.junit.jupiter.api.AssertTrue.assertTrue(AssertTrue.java:35) at app//org.junit.jupiter.api.Assertions.assertTrue(Assertions.java:179) at app//dungeonmania.automarkingM3.SwampTileTest.testMultiSwamp(SwampTileTest.java:152) FAILURE DONE 1 test completed, 1 failed FAILURE: Build failed with an exception. FRONTEND.md README.md SETUP.md assumptions.md assumptions.pdf build build.gradle config_template.json credits.md d_advanced1Save.game.dat d_advancedSave.game.dat d_advancedSaveOnce.game.dat d_advancedSaveTwice.game.dat d_boulderPushSave.game.dat d_doorsKeysSave.game.dat d_invincibilityPotionTestSave.game.dat d_invisibilityPotionTestSave.game.dat d_m3EntitiesSave.game.dat d_mazeSave.game.dat d_saveInventoryTest.game.dat d_saveLoadInventoryTest.game.dat d_swampSave.game.dat d_timeTravelEntitiesSave.game.dat design.pdf design_milestone_1+2.pdf design_milestone_1.pdf extract_coverage.sh gradle gradlew gradlew.bat images planning.pdf planning_milestone_1+2.pdf setup src testing.md testing.pdf timeTest.game.dat What went wrong: Execution failed for task ':test'. > There were failing tests. See the report at: file:///F12A_ICECREAM/build/reports/tests/test/index.html FRONTEND.md README.md SETUP.md assumptions.md assumptions.pdf build build.gradle config_template.json credits.md d_advanced1Save.game.dat d_advancedSave.game.dat d_advancedSaveOnce.game.dat d_advancedSaveTwice.game.dat d_boulderPushSave.game.dat d_doorsKeysSave.game.dat d_invincibilityPotionTestSave.game.dat d_invisibilityPotionTestSave.game.dat d_m3EntitiesSave.game.dat d_mazeSave.game.dat d_saveInventoryTest.game.dat d_saveLoadInventoryTest.game.dat d_swampSave.game.dat d_timeTravelEntitiesSave.game.dat design.pdf design_milestone_1+2.pdf design_milestone_1.pdf extract_coverage.sh gradle gradlew gradlew.bat images planning.pdf planning_milestone_1+2.pdf setup src testing.md testing.pdf timeTest.game.dat Try: > Run with --stacktrace option to get the stack trace. > Run with --info or --debug option to get more log output. > Run with --scan to get full insights. FRONTEND.md README.md SETUP.md assumptions.md assumptions.pdf build build.gradle config_template.json credits.md d_advanced1Save.game.dat d_advancedSave.game.dat d_advancedSaveOnce.game.dat d_advancedSaveTwice.game.dat d_boulderPushSave.game.dat d_doorsKeysSave.game.dat d_invincibilityPotionTestSave.game.dat d_invisibilityPotionTestSave.game.dat d_m3EntitiesSave.game.dat d_mazeSave.game.dat d_saveInventoryTest.game.dat d_saveLoadInventoryTest.game.dat d_swampSave.game.dat d_timeTravelEntitiesSave.game.dat design.pdf design_milestone_1+2.pdf design_milestone_1.pdf extract_coverage.sh gradle gradlew gradlew.bat images planning.pdf planning_milestone_1+2.pdf setup src testing.md testing.pdf timeTest.game.dat Get more help at https://help.gradle.org BUILD FAILED in 3s

Test 16-7: Testing a battle on a swamp tile is successful - mercenary dies
SUCCESS DONE

Test 16-8: Test mercenary moves towards the player following the shortest path
SUCCESS DONE

Test 16-9: Test mercenary moves towards the player using portals
DijkstraMovementTest > Test mercenary moves towards the player using portals FAILED org.opentest4j.AssertionFailedError: expected: <Position [x=3, y=1, z=0]> but was: <Position [x=5, y=1, z=0]> at app//org.junit.jupiter.api.AssertionUtils.fail(AssertionUtils.java:55) at app//org.junit.jupiter.api.AssertionUtils.failNotEqual(AssertionUtils.java:62) at app//org.junit.jupiter.api.AssertEquals.assertEquals(AssertEquals.java:182) at app//org.junit.jupiter.api.AssertEquals.assertEquals(AssertEquals.java:177) at app//org.junit.jupiter.api.Assertions.assertEquals(Assertions.java:1141) at app//dungeonmania.automarkingM3.DijkstraMovementTest.mercWithPortals(DijkstraMovementTest.java:60) FAILURE DONE 1 test completed, 1 failed FAILURE: Build failed with an exception. FRONTEND.md README.md SETUP.md assumptions.md assumptions.pdf build build.gradle config_template.json credits.md d_advanced1Save.game.dat d_advancedSave.game.dat d_advancedSaveOnce.game.dat d_advancedSaveTwice.game.dat d_boulderPushSave.game.dat d_doorsKeysSave.game.dat d_invincibilityPotionTestSave.game.dat d_invisibilityPotionTestSave.game.dat d_m3EntitiesSave.game.dat d_mazeSave.game.dat d_saveInventoryTest.game.dat d_saveLoadInventoryTest.game.dat d_swampSave.game.dat d_timeTravelEntitiesSave.game.dat design.pdf design_milestone_1+2.pdf design_milestone_1.pdf extract_coverage.sh gradle gradlew gradlew.bat images planning.pdf planning_milestone_1+2.pdf setup src testing.md testing.pdf timeTest.game.dat What went wrong: Execution failed for task ':test'. > There were failing tests. See the report at: file:///F12A_ICECREAM/build/reports/tests/test/index.html FRONTEND.md README.md SETUP.md assumptions.md assumptions.pdf build build.gradle config_template.json credits.md d_advanced1Save.game.dat d_advancedSave.game.dat d_advancedSaveOnce.game.dat d_advancedSaveTwice.game.dat d_boulderPushSave.game.dat d_doorsKeysSave.game.dat d_invincibilityPotionTestSave.game.dat d_invisibilityPotionTestSave.game.dat d_m3EntitiesSave.game.dat d_mazeSave.game.dat d_saveInventoryTest.game.dat d_saveLoadInventoryTest.game.dat d_swampSave.game.dat d_timeTravelEntitiesSave.game.dat design.pdf design_milestone_1+2.pdf design_milestone_1.pdf extract_coverage.sh gradle gradlew gradlew.bat images planning.pdf planning_milestone_1+2.pdf setup src testing.md testing.pdf timeTest.game.dat Try: > Run with --stacktrace option to get the stack trace. > Run with --info or --debug option to get more log output. > Run with --scan to get full insights. FRONTEND.md README.md SETUP.md assumptions.md assumptions.pdf build build.gradle config_template.json credits.md d_advanced1Save.game.dat d_advancedSave.game.dat d_advancedSaveOnce.game.dat d_advancedSaveTwice.game.dat d_boulderPushSave.game.dat d_doorsKeysSave.game.dat d_invincibilityPotionTestSave.game.dat d_invisibilityPotionTestSave.game.dat d_m3EntitiesSave.game.dat d_mazeSave.game.dat d_saveInventoryTest.game.dat d_saveLoadInventoryTest.game.dat d_swampSave.game.dat d_timeTravelEntitiesSave.game.dat design.pdf design_milestone_1+2.pdf design_milestone_1.pdf extract_coverage.sh gradle gradlew gradlew.bat images planning.pdf planning_milestone_1+2.pdf setup src testing.md testing.pdf timeTest.game.dat Get more help at https://help.gradle.org BUILD FAILED in 4s

Test 16-10: Test mercenary moves towards the player using swamp tiles
DijkstraMovementTest > Test mercenary moves towards the player using swamp tiles FAILED org.opentest4j.AssertionFailedError: expected: <Position [x=4, y=2, z=0]> but was: <Position [x=5, y=4, z=0]> at app//org.junit.jupiter.api.AssertionUtils.fail(AssertionUtils.java:55) at app//org.junit.jupiter.api.AssertionUtils.failNotEqual(AssertionUtils.java:62) at app//org.junit.jupiter.api.AssertEquals.assertEquals(AssertEquals.java:182) at app//org.junit.jupiter.api.AssertEquals.assertEquals(AssertEquals.java:177) at app//org.junit.jupiter.api.Assertions.assertEquals(Assertions.java:1141) at app//dungeonmania.automarkingM3.DijkstraMovementTest.mercWithSwampTiles(DijkstraMovementTest.java:89) FAILURE DONE 1 test completed, 1 failed FAILURE: Build failed with an exception. FRONTEND.md README.md SETUP.md assumptions.md assumptions.pdf build build.gradle config_template.json credits.md d_advanced1Save.game.dat d_advancedSave.game.dat d_advancedSaveOnce.game.dat d_advancedSaveTwice.game.dat d_boulderPushSave.game.dat d_doorsKeysSave.game.dat d_invincibilityPotionTestSave.game.dat d_invisibilityPotionTestSave.game.dat d_m3EntitiesSave.game.dat d_mazeSave.game.dat d_saveInventoryTest.game.dat d_saveLoadInventoryTest.game.dat d_swampSave.game.dat d_timeTravelEntitiesSave.game.dat design.pdf design_milestone_1+2.pdf design_milestone_1.pdf extract_coverage.sh gradle gradlew gradlew.bat images planning.pdf planning_milestone_1+2.pdf setup src testing.md testing.pdf timeTest.game.dat What went wrong: Execution failed for task ':test'. > There were failing tests. See the report at: file:///F12A_ICECREAM/build/reports/tests/test/index.html FRONTEND.md README.md SETUP.md assumptions.md assumptions.pdf build build.gradle config_template.json credits.md d_advanced1Save.game.dat d_advancedSave.game.dat d_advancedSaveOnce.game.dat d_advancedSaveTwice.game.dat d_boulderPushSave.game.dat d_doorsKeysSave.game.dat d_invincibilityPotionTestSave.game.dat d_invisibilityPotionTestSave.game.dat d_m3EntitiesSave.game.dat d_mazeSave.game.dat d_saveInventoryTest.game.dat d_saveLoadInventoryTest.game.dat d_swampSave.game.dat d_timeTravelEntitiesSave.game.dat design.pdf design_milestone_1+2.pdf design_milestone_1.pdf extract_coverage.sh gradle gradlew gradlew.bat images planning.pdf planning_milestone_1+2.pdf setup src testing.md testing.pdf timeTest.game.dat Try: > Run with --stacktrace option to get the stack trace. > Run with --info or --debug option to get more log output. > Run with --scan to get full insights. FRONTEND.md README.md SETUP.md assumptions.md assumptions.pdf build build.gradle config_template.json credits.md d_advanced1Save.game.dat d_advancedSave.game.dat d_advancedSaveOnce.game.dat d_advancedSaveTwice.game.dat d_boulderPushSave.game.dat d_doorsKeysSave.game.dat d_invincibilityPotionTestSave.game.dat d_invisibilityPotionTestSave.game.dat d_m3EntitiesSave.game.dat d_mazeSave.game.dat d_saveInventoryTest.game.dat d_saveLoadInventoryTest.game.dat d_swampSave.game.dat d_timeTravelEntitiesSave.game.dat design.pdf design_milestone_1+2.pdf design_milestone_1.pdf extract_coverage.sh gradle gradlew gradlew.bat images planning.pdf planning_milestone_1+2.pdf setup src testing.md testing.pdf timeTest.game.dat Get more help at https://help.gradle.org BUILD FAILED in 5s

Test 16-11: Test assassin moves towards the player following the shortest path
SUCCESS DONE

Test 16-12: Test assassin moves towards the player using portals
DijkstraMovementTest > Test assassin moves towards the player using portals FAILED org.opentest4j.AssertionFailedError: expected: <Position [x=3, y=1, z=0]> but was: <Position [x=5, y=1, z=0]> at app//org.junit.jupiter.api.AssertionUtils.fail(AssertionUtils.java:55) at app//org.junit.jupiter.api.AssertionUtils.failNotEqual(AssertionUtils.java:62) at app//org.junit.jupiter.api.AssertEquals.assertEquals(AssertEquals.java:182) at app//org.junit.jupiter.api.AssertEquals.assertEquals(AssertEquals.java:177) at app//org.junit.jupiter.api.Assertions.assertEquals(Assertions.java:1141) at app//dungeonmania.automarkingM3.DijkstraMovementTest.assassinWithPortals(DijkstraMovementTest.java:153) FAILURE DONE 1 test completed, 1 failed FAILURE: Build failed with an exception. FRONTEND.md README.md SETUP.md assumptions.md assumptions.pdf build build.gradle config_template.json credits.md d_advanced1Save.game.dat d_advancedSave.game.dat d_advancedSaveOnce.game.dat d_advancedSaveTwice.game.dat d_boulderPushSave.game.dat d_doorsKeysSave.game.dat d_invincibilityPotionTestSave.game.dat d_invisibilityPotionTestSave.game.dat d_m3EntitiesSave.game.dat d_mazeSave.game.dat d_saveInventoryTest.game.dat d_saveLoadInventoryTest.game.dat d_swampSave.game.dat d_timeTravelEntitiesSave.game.dat design.pdf design_milestone_1+2.pdf design_milestone_1.pdf extract_coverage.sh gradle gradlew gradlew.bat images planning.pdf planning_milestone_1+2.pdf setup src testing.md testing.pdf timeTest.game.dat What went wrong: Execution failed for task ':test'. > There were failing tests. See the report at: file:///F12A_ICECREAM/build/reports/tests/test/index.html FRONTEND.md README.md SETUP.md assumptions.md assumptions.pdf build build.gradle config_template.json credits.md d_advanced1Save.game.dat d_advancedSave.game.dat d_advancedSaveOnce.game.dat d_advancedSaveTwice.game.dat d_boulderPushSave.game.dat d_doorsKeysSave.game.dat d_invincibilityPotionTestSave.game.dat d_invisibilityPotionTestSave.game.dat d_m3EntitiesSave.game.dat d_mazeSave.game.dat d_saveInventoryTest.game.dat d_saveLoadInventoryTest.game.dat d_swampSave.game.dat d_timeTravelEntitiesSave.game.dat design.pdf design_milestone_1+2.pdf design_milestone_1.pdf extract_coverage.sh gradle gradlew gradlew.bat images planning.pdf planning_milestone_1+2.pdf setup src testing.md testing.pdf timeTest.game.dat Try: > Run with --stacktrace option to get the stack trace. > Run with --info or --debug option to get more log output. > Run with --scan to get full insights. FRONTEND.md README.md SETUP.md assumptions.md assumptions.pdf build build.gradle config_template.json credits.md d_advanced1Save.game.dat d_advancedSave.game.dat d_advancedSaveOnce.game.dat d_advancedSaveTwice.game.dat d_boulderPushSave.game.dat d_doorsKeysSave.game.dat d_invincibilityPotionTestSave.game.dat d_invisibilityPotionTestSave.game.dat d_m3EntitiesSave.game.dat d_mazeSave.game.dat d_saveInventoryTest.game.dat d_saveLoadInventoryTest.game.dat d_swampSave.game.dat d_timeTravelEntitiesSave.game.dat design.pdf design_milestone_1+2.pdf design_milestone_1.pdf extract_coverage.sh gradle gradlew gradlew.bat images planning.pdf planning_milestone_1+2.pdf setup src testing.md testing.pdf timeTest.game.dat Get more help at https://help.gradle.org BUILD FAILED in 17s

Test 16-13: Test assassin moves towards the player using swamp tiles
DijkstraMovementTest > Test assassin moves towards the player using swamp tiles FAILED org.opentest4j.AssertionFailedError: expected: <Position [x=4, y=2, z=0]> but was: <Position [x=5, y=4, z=0]> at app//org.junit.jupiter.api.AssertionUtils.fail(AssertionUtils.java:55) at app//org.junit.jupiter.api.AssertionUtils.failNotEqual(AssertionUtils.java:62) at app//org.junit.jupiter.api.AssertEquals.assertEquals(AssertEquals.java:182) at app//org.junit.jupiter.api.AssertEquals.assertEquals(AssertEquals.java:177) at app//org.junit.jupiter.api.Assertions.assertEquals(Assertions.java:1141) at app//dungeonmania.automarkingM3.DijkstraMovementTest.assassinWithSwampTiles(DijkstraMovementTest.java:182) FAILURE DONE 1 test completed, 1 failed FAILURE: Build failed with an exception. FRONTEND.md README.md SETUP.md assumptions.md assumptions.pdf build build.gradle config_template.json credits.md d_advanced1Save.game.dat d_advancedSave.game.dat d_advancedSaveOnce.game.dat d_advancedSaveTwice.game.dat d_boulderPushSave.game.dat d_doorsKeysSave.game.dat d_invincibilityPotionTestSave.game.dat d_invisibilityPotionTestSave.game.dat d_m3EntitiesSave.game.dat d_mazeSave.game.dat d_saveInventoryTest.game.dat d_saveLoadInventoryTest.game.dat d_swampSave.game.dat d_timeTravelEntitiesSave.game.dat design.pdf design_milestone_1+2.pdf design_milestone_1.pdf extract_coverage.sh gradle gradlew gradlew.bat images planning.pdf planning_milestone_1+2.pdf setup src testing.md testing.pdf timeTest.game.dat What went wrong: Execution failed for task ':test'. > There were failing tests. See the report at: file:///F12A_ICECREAM/build/reports/tests/test/index.html FRONTEND.md README.md SETUP.md assumptions.md assumptions.pdf build build.gradle config_template.json credits.md d_advanced1Save.game.dat d_advancedSave.game.dat d_advancedSaveOnce.game.dat d_advancedSaveTwice.game.dat d_boulderPushSave.game.dat d_doorsKeysSave.game.dat d_invincibilityPotionTestSave.game.dat d_invisibilityPotionTestSave.game.dat d_m3EntitiesSave.game.dat d_mazeSave.game.dat d_saveInventoryTest.game.dat d_saveLoadInventoryTest.game.dat d_swampSave.game.dat d_timeTravelEntitiesSave.game.dat design.pdf design_milestone_1+2.pdf design_milestone_1.pdf extract_coverage.sh gradle gradlew gradlew.bat images planning.pdf planning_milestone_1+2.pdf setup src testing.md testing.pdf timeTest.game.dat Try: > Run with --stacktrace option to get the stack trace. > Run with --info or --debug option to get more log output. > Run with --scan to get full insights. FRONTEND.md README.md SETUP.md assumptions.md assumptions.pdf build build.gradle config_template.json credits.md d_advanced1Save.game.dat d_advancedSave.game.dat d_advancedSaveOnce.game.dat d_advancedSaveTwice.game.dat d_boulderPushSave.game.dat d_doorsKeysSave.game.dat d_invincibilityPotionTestSave.game.dat d_invisibilityPotionTestSave.game.dat d_m3EntitiesSave.game.dat d_mazeSave.game.dat d_saveInventoryTest.game.dat d_saveLoadInventoryTest.game.dat d_swampSave.game.dat d_timeTravelEntitiesSave.game.dat design.pdf design_milestone_1+2.pdf design_milestone_1.pdf extract_coverage.sh gradle gradlew gradlew.bat images planning.pdf planning_milestone_1+2.pdf setup src testing.md testing.pdf timeTest.game.dat Get more help at https://help.gradle.org BUILD FAILED in 4s

17. Milestone 3 Buildables

Test 17-1: (arrows x2) + (key x1) + (sun stone x1) => (sceptre x1)
SUCCESS DONE

Test 17-2: (wood x1) + (treasure x1) + (sun stone x1) => (sceptre x1)
SUCCESS DONE

Test 17-3: (wood x1) + (key x1) => (sceptre x0) + InvalidActionException
SUCCESS DONE

Test 17-4: (arrows x2) + (treasure x1) => (sceptre x0) + InvalidActionException
SUCCESS DONE

Test 17-5: (sword x1) + (sun stone x1) + (zombie x0) => (midnight armour x1)
SUCCESS DONE

Test 17-6: (sword x1) + (sun stone x1) + (zombie x1) => (midnight armour x0) + InvalidActionException
SUCCESS DONE

Test 17-7: (sun stone x1) + (zombie x0) => (midnight armour x0) + InvalidActionException
SUCCESS DONE

Test 17-8: Using sceptre to mind control a mercenary
SUCCESS DONE

Test 17-9: Using sceptre to mind control an assassin
SUCCESS DONE

Test 17-10: Test for mind control duration
SUCCESS DONE

Test 17-11: Use midnight armour to attack - player battles for less rounds to win
BuildablesM3Test > Use midnight armour to attack - player battles for less rounds to win FAILED org.opentest4j.AssertionFailedError: expected: <4> but was: <3> at app//org.junit.jupiter.api.AssertionUtils.fail(AssertionUtils.java:55) at app//org.junit.jupiter.api.AssertionUtils.failNotEqual(AssertionUtils.java:62) at app//org.junit.jupiter.api.AssertEquals.assertEquals(AssertEquals.java:150) at app//org.junit.jupiter.api.AssertEquals.assertEquals(AssertEquals.java:145) at app//org.junit.jupiter.api.Assertions.assertEquals(Assertions.java:527) at app//dungeonmania.automarkingM3.BuildablesM3Test.testMidnightArmourAttack(BuildablesM3Test.java:508) FAILURE DONE 1 test completed, 1 failed FAILURE: Build failed with an exception. FRONTEND.md README.md SETUP.md assumptions.md assumptions.pdf build build.gradle config_template.json credits.md d_advanced1Save.game.dat d_advancedSave.game.dat d_advancedSaveOnce.game.dat d_advancedSaveTwice.game.dat d_boulderPushSave.game.dat d_doorsKeysSave.game.dat d_invincibilityPotionTestSave.game.dat d_invisibilityPotionTestSave.game.dat d_m3EntitiesSave.game.dat d_mazeSave.game.dat d_saveInventoryTest.game.dat d_saveLoadInventoryTest.game.dat d_swampSave.game.dat d_timeTravelEntitiesSave.game.dat design.pdf design_milestone_1+2.pdf design_milestone_1.pdf extract_coverage.sh gradle gradlew gradlew.bat images planning.pdf planning_milestone_1+2.pdf setup src testing.md testing.pdf timeTest.game.dat What went wrong: Execution failed for task ':test'. > There were failing tests. See the report at: file:///F12A_ICECREAM/build/reports/tests/test/index.html FRONTEND.md README.md SETUP.md assumptions.md assumptions.pdf build build.gradle config_template.json credits.md d_advanced1Save.game.dat d_advancedSave.game.dat d_advancedSaveOnce.game.dat d_advancedSaveTwice.game.dat d_boulderPushSave.game.dat d_doorsKeysSave.game.dat d_invincibilityPotionTestSave.game.dat d_invisibilityPotionTestSave.game.dat d_m3EntitiesSave.game.dat d_mazeSave.game.dat d_saveInventoryTest.game.dat d_saveLoadInventoryTest.game.dat d_swampSave.game.dat d_timeTravelEntitiesSave.game.dat design.pdf design_milestone_1+2.pdf design_milestone_1.pdf extract_coverage.sh gradle gradlew gradlew.bat images planning.pdf planning_milestone_1+2.pdf setup src testing.md testing.pdf timeTest.game.dat Try: > Run with --stacktrace option to get the stack trace. > Run with --info or --debug option to get more log output. > Run with --scan to get full insights. FRONTEND.md README.md SETUP.md assumptions.md assumptions.pdf build build.gradle config_template.json credits.md d_advanced1Save.game.dat d_advancedSave.game.dat d_advancedSaveOnce.game.dat d_advancedSaveTwice.game.dat d_boulderPushSave.game.dat d_doorsKeysSave.game.dat d_invincibilityPotionTestSave.game.dat d_invisibilityPotionTestSave.game.dat d_m3EntitiesSave.game.dat d_mazeSave.game.dat d_saveInventoryTest.game.dat d_saveLoadInventoryTest.game.dat d_swampSave.game.dat d_timeTravelEntitiesSave.game.dat design.pdf design_milestone_1+2.pdf design_milestone_1.pdf extract_coverage.sh gradle gradlew gradlew.bat images planning.pdf planning_milestone_1+2.pdf setup src testing.md testing.pdf timeTest.game.dat Get more help at https://help.gradle.org BUILD FAILED in 4s

Test 17-12: Use midnight armour to defence - player battles for more rounds but still dies
BuildablesM3Test > Use midnight armour to defence - player battles for more rounds but still dies FAILED org.opentest4j.AssertionFailedError: expected: <5> but was: <44> at app//org.junit.jupiter.api.AssertionUtils.fail(AssertionUtils.java:55) at app//org.junit.jupiter.api.AssertionUtils.failNotEqual(AssertionUtils.java:62) at app//org.junit.jupiter.api.AssertEquals.assertEquals(AssertEquals.java:150) at app//org.junit.jupiter.api.AssertEquals.assertEquals(AssertEquals.java:145) at app//org.junit.jupiter.api.Assertions.assertEquals(Assertions.java:527) at app//dungeonmania.automarkingM3.BuildablesM3Test.testMidnightArmourDefence(BuildablesM3Test.java:554) FAILURE DONE 1 test completed, 1 failed FAILURE: Build failed with an exception. FRONTEND.md README.md SETUP.md assumptions.md assumptions.pdf build build.gradle config_template.json credits.md d_advanced1Save.game.dat d_advancedSave.game.dat d_advancedSaveOnce.game.dat d_advancedSaveTwice.game.dat d_boulderPushSave.game.dat d_doorsKeysSave.game.dat d_invincibilityPotionTestSave.game.dat d_invisibilityPotionTestSave.game.dat d_m3EntitiesSave.game.dat d_mazeSave.game.dat d_saveInventoryTest.game.dat d_saveLoadInventoryTest.game.dat d_swampSave.game.dat d_timeTravelEntitiesSave.game.dat design.pdf design_milestone_1+2.pdf design_milestone_1.pdf extract_coverage.sh gradle gradlew gradlew.bat images planning.pdf planning_milestone_1+2.pdf setup src testing.md testing.pdf timeTest.game.dat What went wrong: Execution failed for task ':test'. > There were failing tests. See the report at: file:///F12A_ICECREAM/build/reports/tests/test/index.html FRONTEND.md README.md SETUP.md assumptions.md assumptions.pdf build build.gradle config_template.json credits.md d_advanced1Save.game.dat d_advancedSave.game.dat d_advancedSaveOnce.game.dat d_advancedSaveTwice.game.dat d_boulderPushSave.game.dat d_doorsKeysSave.game.dat d_invincibilityPotionTestSave.game.dat d_invisibilityPotionTestSave.game.dat d_m3EntitiesSave.game.dat d_mazeSave.game.dat d_saveInventoryTest.game.dat d_saveLoadInventoryTest.game.dat d_swampSave.game.dat d_timeTravelEntitiesSave.game.dat design.pdf design_milestone_1+2.pdf design_milestone_1.pdf extract_coverage.sh gradle gradlew gradlew.bat images planning.pdf planning_milestone_1+2.pdf setup src testing.md testing.pdf timeTest.game.dat Try: > Run with --stacktrace option to get the stack trace. > Run with --info or --debug option to get more log output. > Run with --scan to get full insights. FRONTEND.md README.md SETUP.md assumptions.md assumptions.pdf build build.gradle config_template.json credits.md d_advanced1Save.game.dat d_advancedSave.game.dat d_advancedSaveOnce.game.dat d_advancedSaveTwice.game.dat d_boulderPushSave.game.dat d_doorsKeysSave.game.dat d_invincibilityPotionTestSave.game.dat d_invisibilityPotionTestSave.game.dat d_m3EntitiesSave.game.dat d_mazeSave.game.dat d_saveInventoryTest.game.dat d_saveLoadInventoryTest.game.dat d_swampSave.game.dat d_timeTravelEntitiesSave.game.dat design.pdf design_milestone_1+2.pdf design_milestone_1.pdf extract_coverage.sh gradle gradlew gradlew.bat images planning.pdf planning_milestone_1+2.pdf setup src testing.md testing.pdf timeTest.game.dat Get more help at https://help.gradle.org BUILD FAILED in 3s

18. Persistence

Test 18-1: Test saving and loading a simple maze map
SUCCESS DONE

Test 18-2: Test saving and loading a map with boulders
SUCCESS DONE

Test 18-3: Test saving and loading a map with enemies and collectables
SUCCESS DONE

Test 18-4: Test saving on a map containing all types of entities
SUCCESS DONE

Test 18-5: Test saving on a map containing all types of M3 entities
SUCCESS DONE

Test 18-6: Test saving with Swamp Tiles
SaveLoadTest > Test saving with Swamp Tiles FAILED java.lang.IllegalArgumentException at dungeonmania.DungeonManiaController.loadGame(DungeonManiaController.java:793) at dungeonmania.automarkingM3.SaveLoadTest.testSaveSwampTiles(SaveLoadTest.java:130) FAILURE DONE 1 test completed, 1 failed FAILURE: Build failed with an exception. FRONTEND.md README.md SETUP.md assumptions.md assumptions.pdf build build.gradle config_template.json credits.md d_advanced1Save.game.dat d_advancedSave.game.dat d_advancedSaveOnce.game.dat d_advancedSaveTwice.game.dat d_boulderPushSave.game.dat d_doorsKeysSave.game.dat d_invincibilityPotionTestSave.game.dat d_invisibilityPotionTestSave.game.dat d_m3EntitiesSave.game.dat d_mazeSave.game.dat d_saveInventoryTest.game.dat d_saveLoadInventoryTest.game.dat d_swampSave.game.dat d_timeTravelEntitiesSave.game.dat design.pdf design_milestone_1+2.pdf design_milestone_1.pdf extract_coverage.sh gradle gradlew gradlew.bat images planning.pdf planning_milestone_1+2.pdf setup src testing.md testing.pdf timeTest.game.dat What went wrong: Execution failed for task ':test'. > There were failing tests. See the report at: file:///F12A_ICECREAM/build/reports/tests/test/index.html FRONTEND.md README.md SETUP.md assumptions.md assumptions.pdf build build.gradle config_template.json credits.md d_advanced1Save.game.dat d_advancedSave.game.dat d_advancedSaveOnce.game.dat d_advancedSaveTwice.game.dat d_boulderPushSave.game.dat d_doorsKeysSave.game.dat d_invincibilityPotionTestSave.game.dat d_invisibilityPotionTestSave.game.dat d_m3EntitiesSave.game.dat d_mazeSave.game.dat d_saveInventoryTest.game.dat d_saveLoadInventoryTest.game.dat d_swampSave.game.dat d_timeTravelEntitiesSave.game.dat design.pdf design_milestone_1+2.pdf design_milestone_1.pdf extract_coverage.sh gradle gradlew gradlew.bat images planning.pdf planning_milestone_1+2.pdf setup src testing.md testing.pdf timeTest.game.dat Try: > Run with --stacktrace option to get the stack trace. > Run with --info or --debug option to get more log output. > Run with --scan to get full insights. FRONTEND.md README.md SETUP.md assumptions.md assumptions.pdf build build.gradle config_template.json credits.md d_advanced1Save.game.dat d_advancedSave.game.dat d_advancedSaveOnce.game.dat d_advancedSaveTwice.game.dat d_boulderPushSave.game.dat d_doorsKeysSave.game.dat d_invincibilityPotionTestSave.game.dat d_invisibilityPotionTestSave.game.dat d_m3EntitiesSave.game.dat d_mazeSave.game.dat d_saveInventoryTest.game.dat d_saveLoadInventoryTest.game.dat d_swampSave.game.dat d_timeTravelEntitiesSave.game.dat design.pdf design_milestone_1+2.pdf design_milestone_1.pdf extract_coverage.sh gradle gradlew gradlew.bat images planning.pdf planning_milestone_1+2.pdf setup src testing.md testing.pdf timeTest.game.dat Get more help at https://help.gradle.org BUILD FAILED in 4s

Test 18-7: Test saving then reloading a map twice consecutively
SaveLoadTest > Test saving, then reloading a map twice, consecutively FAILED java.lang.IllegalArgumentException at dungeonmania.DungeonManiaController.loadGame(DungeonManiaController.java:793) at dungeonmania.automarkingM3.SaveLoadTest.testConsecutiveSaveLoads(SaveLoadTest.java:174) FAILURE DONE 1 test completed, 1 failed FAILURE: Build failed with an exception. FRONTEND.md README.md SETUP.md assumptions.md assumptions.pdf build build.gradle config_template.json credits.md d_advanced1Save.game.dat d_advancedSave.game.dat d_advancedSaveOnce.game.dat d_advancedSaveTwice.game.dat d_boulderPushSave.game.dat d_doorsKeysSave.game.dat d_invincibilityPotionTestSave.game.dat d_invisibilityPotionTestSave.game.dat d_m3EntitiesSave.game.dat d_mazeSave.game.dat d_saveInventoryTest.game.dat d_saveLoadInventoryTest.game.dat d_swampSave.game.dat d_timeTravelEntitiesSave.game.dat design.pdf design_milestone_1+2.pdf design_milestone_1.pdf extract_coverage.sh gradle gradlew gradlew.bat images planning.pdf planning_milestone_1+2.pdf setup src testing.md testing.pdf timeTest.game.dat What went wrong: Execution failed for task ':test'. > There were failing tests. See the report at: file:///F12A_ICECREAM/build/reports/tests/test/index.html FRONTEND.md README.md SETUP.md assumptions.md assumptions.pdf build build.gradle config_template.json credits.md d_advanced1Save.game.dat d_advancedSave.game.dat d_advancedSaveOnce.game.dat d_advancedSaveTwice.game.dat d_boulderPushSave.game.dat d_doorsKeysSave.game.dat d_invincibilityPotionTestSave.game.dat d_invisibilityPotionTestSave.game.dat d_m3EntitiesSave.game.dat d_mazeSave.game.dat d_saveInventoryTest.game.dat d_saveLoadInventoryTest.game.dat d_swampSave.game.dat d_timeTravelEntitiesSave.game.dat design.pdf design_milestone_1+2.pdf design_milestone_1.pdf extract_coverage.sh gradle gradlew gradlew.bat images planning.pdf planning_milestone_1+2.pdf setup src testing.md testing.pdf timeTest.game.dat Try: > Run with --stacktrace option to get the stack trace. > Run with --info or --debug option to get more log output. > Run with --scan to get full insights. FRONTEND.md README.md SETUP.md assumptions.md assumptions.pdf build build.gradle config_template.json credits.md d_advanced1Save.game.dat d_advancedSave.game.dat d_advancedSaveOnce.game.dat d_advancedSaveTwice.game.dat d_boulderPushSave.game.dat d_doorsKeysSave.game.dat d_invincibilityPotionTestSave.game.dat d_invisibilityPotionTestSave.game.dat d_m3EntitiesSave.game.dat d_mazeSave.game.dat d_saveInventoryTest.game.dat d_saveLoadInventoryTest.game.dat d_swampSave.game.dat d_timeTravelEntitiesSave.game.dat design.pdf design_milestone_1+2.pdf design_milestone_1.pdf extract_coverage.sh gradle gradlew gradlew.bat images planning.pdf planning_milestone_1+2.pdf setup src testing.md testing.pdf timeTest.game.dat Get more help at https://help.gradle.org BUILD FAILED in 4s

Test 18-8: Test that invincibility state is persistent across a save/load
SaveLoadTest > Test that invincibility state is persistent across a save/load FAILED java.lang.IllegalArgumentException at dungeonmania.DungeonManiaController.loadGame(DungeonManiaController.java:793) at dungeonmania.automarkingM3.SaveLoadTest.testInvincibilityAcrossSaveLoad(SaveLoadTest.java:197) FAILURE DONE 1 test completed, 1 failed FAILURE: Build failed with an exception. FRONTEND.md README.md SETUP.md assumptions.md assumptions.pdf build build.gradle config_template.json credits.md d_advanced1Save.game.dat d_advancedSave.game.dat d_advancedSaveOnce.game.dat d_advancedSaveTwice.game.dat d_boulderPushSave.game.dat d_doorsKeysSave.game.dat d_invincibilityPotionTestSave.game.dat d_invisibilityPotionTestSave.game.dat d_m3EntitiesSave.game.dat d_mazeSave.game.dat d_saveInventoryTest.game.dat d_saveLoadInventoryTest.game.dat d_swampSave.game.dat d_timeTravelEntitiesSave.game.dat design.pdf design_milestone_1+2.pdf design_milestone_1.pdf extract_coverage.sh gradle gradlew gradlew.bat images planning.pdf planning_milestone_1+2.pdf setup src testing.md testing.pdf timeTest.game.dat What went wrong: Execution failed for task ':test'. > There were failing tests. See the report at: file:///F12A_ICECREAM/build/reports/tests/test/index.html FRONTEND.md README.md SETUP.md assumptions.md assumptions.pdf build build.gradle config_template.json credits.md d_advanced1Save.game.dat d_advancedSave.game.dat d_advancedSaveOnce.game.dat d_advancedSaveTwice.game.dat d_boulderPushSave.game.dat d_doorsKeysSave.game.dat d_invincibilityPotionTestSave.game.dat d_invisibilityPotionTestSave.game.dat d_m3EntitiesSave.game.dat d_mazeSave.game.dat d_saveInventoryTest.game.dat d_saveLoadInventoryTest.game.dat d_swampSave.game.dat d_timeTravelEntitiesSave.game.dat design.pdf design_milestone_1+2.pdf design_milestone_1.pdf extract_coverage.sh gradle gradlew gradlew.bat images planning.pdf planning_milestone_1+2.pdf setup src testing.md testing.pdf timeTest.game.dat Try: > Run with --stacktrace option to get the stack trace. > Run with --info or --debug option to get more log output. > Run with --scan to get full insights. FRONTEND.md README.md SETUP.md assumptions.md assumptions.pdf build build.gradle config_template.json credits.md d_advanced1Save.game.dat d_advancedSave.game.dat d_advancedSaveOnce.game.dat d_advancedSaveTwice.game.dat d_boulderPushSave.game.dat d_doorsKeysSave.game.dat d_invincibilityPotionTestSave.game.dat d_invisibilityPotionTestSave.game.dat d_m3EntitiesSave.game.dat d_mazeSave.game.dat d_saveInventoryTest.game.dat d_saveLoadInventoryTest.game.dat d_swampSave.game.dat d_timeTravelEntitiesSave.game.dat design.pdf design_milestone_1+2.pdf design_milestone_1.pdf extract_coverage.sh gradle gradlew gradlew.bat images planning.pdf planning_milestone_1+2.pdf setup src testing.md testing.pdf timeTest.game.dat Get more help at https://help.gradle.org BUILD FAILED in 3s

Test 18-9: Test inventory remains consistent when saving and loading
SUCCESS DONE

Test 18-10: Test that invisibility state is persistent across a save/load
SUCCESS DONE

Test 18-11: Test saving and loading with bribing mercenary
SaveLoadTest > Test saving and loading with bribing mercenary FAILED org.opentest4j.AssertionFailedError: expected: <true> but was: <false> at app//org.junit.jupiter.api.AssertionUtils.fail(AssertionUtils.java:55) at app//org.junit.jupiter.api.AssertTrue.assertTrue(AssertTrue.java:40) at app//org.junit.jupiter.api.AssertTrue.assertTrue(AssertTrue.java:35) at app//org.junit.jupiter.api.Assertions.assertTrue(Assertions.java:179) at app//dungeonmania.automarkingM3.SaveLoadTest.bribingIsPersistent(SaveLoadTest.java:385) at app//dungeonmania.automarkingM3.SaveLoadTest.testSavingLoadingWithBribingMerc(SaveLoadTest.java:407) FAILURE DONE 1 test completed, 1 failed FAILURE: Build failed with an exception. FRONTEND.md README.md SETUP.md assumptions.md assumptions.pdf build build.gradle config_template.json credits.md d_advanced1Save.game.dat d_advancedSave.game.dat d_advancedSaveOnce.game.dat d_advancedSaveTwice.game.dat d_boulderPushSave.game.dat d_doorsKeysSave.game.dat d_invincibilityPotionTestSave.game.dat d_invisibilityPotionTestSave.game.dat d_m3EntitiesSave.game.dat d_mazeSave.game.dat d_saveInventoryTest.game.dat d_saveLoadInventoryTest.game.dat d_swampSave.game.dat d_timeTravelEntitiesSave.game.dat design.pdf design_milestone_1+2.pdf design_milestone_1.pdf extract_coverage.sh gradle gradlew gradlew.bat images planning.pdf planning_milestone_1+2.pdf setup src testing.md testing.pdf timeTest.game.dat What went wrong: Execution failed for task ':test'. > There were failing tests. See the report at: file:///F12A_ICECREAM/build/reports/tests/test/index.html FRONTEND.md README.md SETUP.md assumptions.md assumptions.pdf build build.gradle config_template.json credits.md d_advanced1Save.game.dat d_advancedSave.game.dat d_advancedSaveOnce.game.dat d_advancedSaveTwice.game.dat d_boulderPushSave.game.dat d_doorsKeysSave.game.dat d_invincibilityPotionTestSave.game.dat d_invisibilityPotionTestSave.game.dat d_m3EntitiesSave.game.dat d_mazeSave.game.dat d_saveInventoryTest.game.dat d_saveLoadInventoryTest.game.dat d_swampSave.game.dat d_timeTravelEntitiesSave.game.dat design.pdf design_milestone_1+2.pdf design_milestone_1.pdf extract_coverage.sh gradle gradlew gradlew.bat images planning.pdf planning_milestone_1+2.pdf setup src testing.md testing.pdf timeTest.game.dat Try: > Run with --stacktrace option to get the stack trace. > Run with --info or --debug option to get more log output. > Run with --scan to get full insights. FRONTEND.md README.md SETUP.md assumptions.md assumptions.pdf build build.gradle config_template.json credits.md d_advanced1Save.game.dat d_advancedSave.game.dat d_advancedSaveOnce.game.dat d_advancedSaveTwice.game.dat d_boulderPushSave.game.dat d_doorsKeysSave.game.dat d_invincibilityPotionTestSave.game.dat d_invisibilityPotionTestSave.game.dat d_m3EntitiesSave.game.dat d_mazeSave.game.dat d_saveInventoryTest.game.dat d_saveLoadInventoryTest.game.dat d_swampSave.game.dat d_timeTravelEntitiesSave.game.dat design.pdf design_milestone_1+2.pdf design_milestone_1.pdf extract_coverage.sh gradle gradlew gradlew.bat images planning.pdf planning_milestone_1+2.pdf setup src testing.md testing.pdf timeTest.game.dat Get more help at https://help.gradle.org BUILD FAILED in 4s

Test 18-12: Test saving and loading with bribing assassin
SaveLoadTest > Test saving and loading with bribing assassin FAILED org.opentest4j.AssertionFailedError: expected: <true> but was: <false> at app//org.junit.jupiter.api.AssertionUtils.fail(AssertionUtils.java:55) at app//org.junit.jupiter.api.AssertTrue.assertTrue(AssertTrue.java:40) at app//org.junit.jupiter.api.AssertTrue.assertTrue(AssertTrue.java:35) at app//org.junit.jupiter.api.Assertions.assertTrue(Assertions.java:179) at app//dungeonmania.automarkingM3.SaveLoadTest.bribingIsPersistent(SaveLoadTest.java:385) at app//dungeonmania.automarkingM3.SaveLoadTest.testSavingLoadingWithBribingAssassin(SaveLoadTest.java:414) FAILURE DONE 1 test completed, 1 failed FAILURE: Build failed with an exception. FRONTEND.md README.md SETUP.md assumptions.md assumptions.pdf build build.gradle config_template.json credits.md d_advanced1Save.game.dat d_advancedSave.game.dat d_advancedSaveOnce.game.dat d_advancedSaveTwice.game.dat d_boulderPushSave.game.dat d_doorsKeysSave.game.dat d_invincibilityPotionTestSave.game.dat d_invisibilityPotionTestSave.game.dat d_m3EntitiesSave.game.dat d_mazeSave.game.dat d_saveInventoryTest.game.dat d_saveLoadInventoryTest.game.dat d_swampSave.game.dat d_timeTravelEntitiesSave.game.dat design.pdf design_milestone_1+2.pdf design_milestone_1.pdf extract_coverage.sh gradle gradlew gradlew.bat images planning.pdf planning_milestone_1+2.pdf setup src testing.md testing.pdf timeTest.game.dat What went wrong: Execution failed for task ':test'. > There were failing tests. See the report at: file:///F12A_ICECREAM/build/reports/tests/test/index.html FRONTEND.md README.md SETUP.md assumptions.md assumptions.pdf build build.gradle config_template.json credits.md d_advanced1Save.game.dat d_advancedSave.game.dat d_advancedSaveOnce.game.dat d_advancedSaveTwice.game.dat d_boulderPushSave.game.dat d_doorsKeysSave.game.dat d_invincibilityPotionTestSave.game.dat d_invisibilityPotionTestSave.game.dat d_m3EntitiesSave.game.dat d_mazeSave.game.dat d_saveInventoryTest.game.dat d_saveLoadInventoryTest.game.dat d_swampSave.game.dat d_timeTravelEntitiesSave.game.dat design.pdf design_milestone_1+2.pdf design_milestone_1.pdf extract_coverage.sh gradle gradlew gradlew.bat images planning.pdf planning_milestone_1+2.pdf setup src testing.md testing.pdf timeTest.game.dat Try: > Run with --stacktrace option to get the stack trace. > Run with --info or --debug option to get more log output. > Run with --scan to get full insights. FRONTEND.md README.md SETUP.md assumptions.md assumptions.pdf build build.gradle config_template.json credits.md d_advanced1Save.game.dat d_advancedSave.game.dat d_advancedSaveOnce.game.dat d_advancedSaveTwice.game.dat d_boulderPushSave.game.dat d_doorsKeysSave.game.dat d_invincibilityPotionTestSave.game.dat d_invisibilityPotionTestSave.game.dat d_m3EntitiesSave.game.dat d_mazeSave.game.dat d_saveInventoryTest.game.dat d_saveLoadInventoryTest.game.dat d_swampSave.game.dat d_timeTravelEntitiesSave.game.dat design.pdf design_milestone_1+2.pdf design_milestone_1.pdf extract_coverage.sh gradle gradlew gradlew.bat images planning.pdf planning_milestone_1+2.pdf setup src testing.md testing.pdf timeTest.game.dat Get more help at https://help.gradle.org BUILD FAILED in 4s

Test 18-13: Test key door relationship is maintained after saving
SUCCESS DONE

19. Time Travel

Test 19-1: Testing rewinding fails with illegal ticks
TimeTravelTest > Testing rewinding fails with illegal ticks FAILED org.opentest4j.AssertionFailedError: Unexpected exception type thrown ==> expected: <java.lang.reflect.InvocationTargetException> but was: <java.lang.RuntimeException> at app//org.junit.jupiter.api.AssertThrows.assertThrows(AssertThrows.java:65) at app//org.junit.jupiter.api.AssertThrows.assertThrows(AssertThrows.java:37) at app//org.junit.jupiter.api.Assertions.assertThrows(Assertions.java:3082) at app//dungeonmania.automarkingM3.TimeTravelTest.testRewindMethod(TimeTravelTest.java:48) Caused by: java.lang.RuntimeException: rewind(int) doesn't exist at dungeonmania.automarkingM3.TimeTravelTest.attemptRewind(TimeTravelTest.java:27) at dungeonmania.automarkingM3.TimeTravelTest.lambda$testRewindMethod$0(TimeTravelTest.java:49) at org.junit.jupiter.api.AssertThrows.assertThrows(AssertThrows.java:55) ... 3 more FAILURE DONE 1 test completed, 1 failed FAILURE: Build failed with an exception. FRONTEND.md README.md SETUP.md assumptions.md assumptions.pdf build build.gradle config_template.json credits.md d_advanced1Save.game.dat d_advancedSave.game.dat d_advancedSaveOnce.game.dat d_advancedSaveTwice.game.dat d_boulderPushSave.game.dat d_doorsKeysSave.game.dat d_invincibilityPotionTestSave.game.dat d_invisibilityPotionTestSave.game.dat d_m3EntitiesSave.game.dat d_mazeSave.game.dat d_saveInventoryTest.game.dat d_saveLoadInventoryTest.game.dat d_swampSave.game.dat d_timeTravelEntitiesSave.game.dat design.pdf design_milestone_1+2.pdf design_milestone_1.pdf extract_coverage.sh gradle gradlew gradlew.bat images planning.pdf planning_milestone_1+2.pdf setup src testing.md testing.pdf timeTest.game.dat What went wrong: Execution failed for task ':test'. > There were failing tests. See the report at: file:///F12A_ICECREAM/build/reports/tests/test/index.html FRONTEND.md README.md SETUP.md assumptions.md assumptions.pdf build build.gradle config_template.json credits.md d_advanced1Save.game.dat d_advancedSave.game.dat d_advancedSaveOnce.game.dat d_advancedSaveTwice.game.dat d_boulderPushSave.game.dat d_doorsKeysSave.game.dat d_invincibilityPotionTestSave.game.dat d_invisibilityPotionTestSave.game.dat d_m3EntitiesSave.game.dat d_mazeSave.game.dat d_saveInventoryTest.game.dat d_saveLoadInventoryTest.game.dat d_swampSave.game.dat d_timeTravelEntitiesSave.game.dat design.pdf design_milestone_1+2.pdf design_milestone_1.pdf extract_coverage.sh gradle gradlew gradlew.bat images planning.pdf planning_milestone_1+2.pdf setup src testing.md testing.pdf timeTest.game.dat Try: > Run with --stacktrace option to get the stack trace. > Run with --info or --debug option to get more log output. > Run with --scan to get full insights. FRONTEND.md README.md SETUP.md assumptions.md assumptions.pdf build build.gradle config_template.json credits.md d_advanced1Save.game.dat d_advancedSave.game.dat d_advancedSaveOnce.game.dat d_advancedSaveTwice.game.dat d_boulderPushSave.game.dat d_doorsKeysSave.game.dat d_invincibilityPotionTestSave.game.dat d_invisibilityPotionTestSave.game.dat d_m3EntitiesSave.game.dat d_mazeSave.game.dat d_saveInventoryTest.game.dat d_saveLoadInventoryTest.game.dat d_swampSave.game.dat d_timeTravelEntitiesSave.game.dat design.pdf design_milestone_1+2.pdf design_milestone_1.pdf extract_coverage.sh gradle gradlew gradlew.bat images planning.pdf planning_milestone_1+2.pdf setup src testing.md testing.pdf timeTest.game.dat Get more help at https://help.gradle.org BUILD FAILED in 4s

Test 19-2: Test picking up a time turner adds to inventory
TimeTravelTest > Test picking up a time turner adds to inventory FAILED org.opentest4j.AssertionFailedError: expected: <1> but was: <0> at app//org.junit.jupiter.api.AssertionUtils.fail(AssertionUtils.java:55) at app//org.junit.jupiter.api.AssertionUtils.failNotEqual(AssertionUtils.java:62) at app//org.junit.jupiter.api.AssertEquals.assertEquals(AssertEquals.java:150) at app//org.junit.jupiter.api.AssertEquals.assertEquals(AssertEquals.java:145) at app//org.junit.jupiter.api.Assertions.assertEquals(Assertions.java:527) at app//dungeonmania.automarkingM3.TimeTravelTest.testPickUpTimeTurner(TimeTravelTest.java:61) FAILURE DONE 1 test completed, 1 failed FAILURE: Build failed with an exception. FRONTEND.md README.md SETUP.md assumptions.md assumptions.pdf build build.gradle config_template.json credits.md d_advanced1Save.game.dat d_advancedSave.game.dat d_advancedSaveOnce.game.dat d_advancedSaveTwice.game.dat d_boulderPushSave.game.dat d_doorsKeysSave.game.dat d_invincibilityPotionTestSave.game.dat d_invisibilityPotionTestSave.game.dat d_m3EntitiesSave.game.dat d_mazeSave.game.dat d_saveInventoryTest.game.dat d_saveLoadInventoryTest.game.dat d_swampSave.game.dat d_timeTravelEntitiesSave.game.dat design.pdf design_milestone_1+2.pdf design_milestone_1.pdf extract_coverage.sh gradle gradlew gradlew.bat images planning.pdf planning_milestone_1+2.pdf setup src testing.md testing.pdf timeTest.game.dat What went wrong: Execution failed for task ':test'. > There were failing tests. See the report at: file:///F12A_ICECREAM/build/reports/tests/test/index.html FRONTEND.md README.md SETUP.md assumptions.md assumptions.pdf build build.gradle config_template.json credits.md d_advanced1Save.game.dat d_advancedSave.game.dat d_advancedSaveOnce.game.dat d_advancedSaveTwice.game.dat d_boulderPushSave.game.dat d_doorsKeysSave.game.dat d_invincibilityPotionTestSave.game.dat d_invisibilityPotionTestSave.game.dat d_m3EntitiesSave.game.dat d_mazeSave.game.dat d_saveInventoryTest.game.dat d_saveLoadInventoryTest.game.dat d_swampSave.game.dat d_timeTravelEntitiesSave.game.dat design.pdf design_milestone_1+2.pdf design_milestone_1.pdf extract_coverage.sh gradle gradlew gradlew.bat images planning.pdf planning_milestone_1+2.pdf setup src testing.md testing.pdf timeTest.game.dat Try: > Run with --stacktrace option to get the stack trace. > Run with --info or --debug option to get more log output. > Run with --scan to get full insights. FRONTEND.md README.md SETUP.md assumptions.md assumptions.pdf build build.gradle config_template.json credits.md d_advanced1Save.game.dat d_advancedSave.game.dat d_advancedSaveOnce.game.dat d_advancedSaveTwice.game.dat d_boulderPushSave.game.dat d_doorsKeysSave.game.dat d_invincibilityPotionTestSave.game.dat d_invisibilityPotionTestSave.game.dat d_m3EntitiesSave.game.dat d_mazeSave.game.dat d_saveInventoryTest.game.dat d_saveLoadInventoryTest.game.dat d_swampSave.game.dat d_timeTravelEntitiesSave.game.dat design.pdf design_milestone_1+2.pdf design_milestone_1.pdf extract_coverage.sh gradle gradlew gradlew.bat images planning.pdf planning_milestone_1+2.pdf setup src testing.md testing.pdf timeTest.game.dat Get more help at https://help.gradle.org BUILD FAILED in 3s

Test 19-3: Test using a time turner 1 tick back
TimeTravelTest > Test using a time turner, 1 tick back FAILED java.lang.RuntimeException: rewind(int) doesn't exist at dungeonmania.automarkingM3.TimeTravelTest.attemptRewind(TimeTravelTest.java:27) at dungeonmania.automarkingM3.TimeTravelTest.testUseTimeTurnerOneTick(TimeTravelTest.java:86) FAILURE DONE 1 test completed, 1 failed FAILURE: Build failed with an exception. FRONTEND.md README.md SETUP.md assumptions.md assumptions.pdf build build.gradle config_template.json credits.md d_advanced1Save.game.dat d_advancedSave.game.dat d_advancedSaveOnce.game.dat d_advancedSaveTwice.game.dat d_boulderPushSave.game.dat d_doorsKeysSave.game.dat d_invincibilityPotionTestSave.game.dat d_invisibilityPotionTestSave.game.dat d_m3EntitiesSave.game.dat d_mazeSave.game.dat d_saveInventoryTest.game.dat d_saveLoadInventoryTest.game.dat d_swampSave.game.dat d_timeTravelEntitiesSave.game.dat design.pdf design_milestone_1+2.pdf design_milestone_1.pdf extract_coverage.sh gradle gradlew gradlew.bat images planning.pdf planning_milestone_1+2.pdf setup src testing.md testing.pdf timeTest.game.dat What went wrong: Execution failed for task ':test'. > There were failing tests. See the report at: file:///F12A_ICECREAM/build/reports/tests/test/index.html FRONTEND.md README.md SETUP.md assumptions.md assumptions.pdf build build.gradle config_template.json credits.md d_advanced1Save.game.dat d_advancedSave.game.dat d_advancedSaveOnce.game.dat d_advancedSaveTwice.game.dat d_boulderPushSave.game.dat d_doorsKeysSave.game.dat d_invincibilityPotionTestSave.game.dat d_invisibilityPotionTestSave.game.dat d_m3EntitiesSave.game.dat d_mazeSave.game.dat d_saveInventoryTest.game.dat d_saveLoadInventoryTest.game.dat d_swampSave.game.dat d_timeTravelEntitiesSave.game.dat design.pdf design_milestone_1+2.pdf design_milestone_1.pdf extract_coverage.sh gradle gradlew gradlew.bat images planning.pdf planning_milestone_1+2.pdf setup src testing.md testing.pdf timeTest.game.dat Try: > Run with --stacktrace option to get the stack trace. > Run with --info or --debug option to get more log output. > Run with --scan to get full insights. FRONTEND.md README.md SETUP.md assumptions.md assumptions.pdf build build.gradle config_template.json credits.md d_advanced1Save.game.dat d_advancedSave.game.dat d_advancedSaveOnce.game.dat d_advancedSaveTwice.game.dat d_boulderPushSave.game.dat d_doorsKeysSave.game.dat d_invincibilityPotionTestSave.game.dat d_invisibilityPotionTestSave.game.dat d_m3EntitiesSave.game.dat d_mazeSave.game.dat d_saveInventoryTest.game.dat d_saveLoadInventoryTest.game.dat d_swampSave.game.dat d_timeTravelEntitiesSave.game.dat design.pdf design_milestone_1+2.pdf design_milestone_1.pdf extract_coverage.sh gradle gradlew gradlew.bat images planning.pdf planning_milestone_1+2.pdf setup src testing.md testing.pdf timeTest.game.dat Get more help at https://help.gradle.org BUILD FAILED in 3s

Test 19-4: Test using a time turner 5 ticks back
TimeTravelTest > Test using a time turner, 5 ticks back FAILED org.opentest4j.AssertionFailedError: expected: <1> but was: <0> at app//org.junit.jupiter.api.AssertionUtils.fail(AssertionUtils.java:55) at app//org.junit.jupiter.api.AssertionUtils.failNotEqual(AssertionUtils.java:62) at app//org.junit.jupiter.api.AssertEquals.assertEquals(AssertEquals.java:150) at app//org.junit.jupiter.api.AssertEquals.assertEquals(AssertEquals.java:145) at app//org.junit.jupiter.api.Assertions.assertEquals(Assertions.java:527) at app//dungeonmania.automarkingM3.TimeTravelTest.testUseTimeTurnerFiveTicks(TimeTravelTest.java:106) FAILURE DONE 1 test completed, 1 failed FAILURE: Build failed with an exception. FRONTEND.md README.md SETUP.md assumptions.md assumptions.pdf build build.gradle config_template.json credits.md d_advanced1Save.game.dat d_advancedSave.game.dat d_advancedSaveOnce.game.dat d_advancedSaveTwice.game.dat d_boulderPushSave.game.dat d_doorsKeysSave.game.dat d_invincibilityPotionTestSave.game.dat d_invisibilityPotionTestSave.game.dat d_m3EntitiesSave.game.dat d_mazeSave.game.dat d_saveInventoryTest.game.dat d_saveLoadInventoryTest.game.dat d_swampSave.game.dat d_timeTravelEntitiesSave.game.dat design.pdf design_milestone_1+2.pdf design_milestone_1.pdf extract_coverage.sh gradle gradlew gradlew.bat images planning.pdf planning_milestone_1+2.pdf setup src testing.md testing.pdf timeTest.game.dat What went wrong: Execution failed for task ':test'. > There were failing tests. See the report at: file:///F12A_ICECREAM/build/reports/tests/test/index.html FRONTEND.md README.md SETUP.md assumptions.md assumptions.pdf build build.gradle config_template.json credits.md d_advanced1Save.game.dat d_advancedSave.game.dat d_advancedSaveOnce.game.dat d_advancedSaveTwice.game.dat d_boulderPushSave.game.dat d_doorsKeysSave.game.dat d_invincibilityPotionTestSave.game.dat d_invisibilityPotionTestSave.game.dat d_m3EntitiesSave.game.dat d_mazeSave.game.dat d_saveInventoryTest.game.dat d_saveLoadInventoryTest.game.dat d_swampSave.game.dat d_timeTravelEntitiesSave.game.dat design.pdf design_milestone_1+2.pdf design_milestone_1.pdf extract_coverage.sh gradle gradlew gradlew.bat images planning.pdf planning_milestone_1+2.pdf setup src testing.md testing.pdf timeTest.game.dat Try: > Run with --stacktrace option to get the stack trace. > Run with --info or --debug option to get more log output. > Run with --scan to get full insights. FRONTEND.md README.md SETUP.md assumptions.md assumptions.pdf build build.gradle config_template.json credits.md d_advanced1Save.game.dat d_advancedSave.game.dat d_advancedSaveOnce.game.dat d_advancedSaveTwice.game.dat d_boulderPushSave.game.dat d_doorsKeysSave.game.dat d_invincibilityPotionTestSave.game.dat d_invisibilityPotionTestSave.game.dat d_m3EntitiesSave.game.dat d_mazeSave.game.dat d_saveInventoryTest.game.dat d_saveLoadInventoryTest.game.dat d_swampSave.game.dat d_timeTravelEntitiesSave.game.dat design.pdf design_milestone_1+2.pdf design_milestone_1.pdf extract_coverage.sh gradle gradlew gradlew.bat images planning.pdf planning_milestone_1+2.pdf setup src testing.md testing.pdf timeTest.game.dat Get more help at https://help.gradle.org BUILD FAILED in 3s

Test 19-5: Test time travel portals less than 30 ticks takes game back to beginning state
TimeTravelTest > Test time travel portals less than 30 ticks takes game back to beginning state FAILED org.opentest4j.AssertionFailedError: expected: <1> but was: <0> at app//org.junit.jupiter.api.AssertionUtils.fail(AssertionUtils.java:55) at app//org.junit.jupiter.api.AssertionUtils.failNotEqual(AssertionUtils.java:62) at app//org.junit.jupiter.api.AssertEquals.assertEquals(AssertEquals.java:150) at app//org.junit.jupiter.api.AssertEquals.assertEquals(AssertEquals.java:145) at app//org.junit.jupiter.api.Assertions.assertEquals(Assertions.java:527) at app//dungeonmania.automarkingM3.TimeTravelTest.testTimeTravellingPortalLessThan30Ticks(TimeTravelTest.java:149) FAILURE DONE 1 test completed, 1 failed FAILURE: Build failed with an exception. FRONTEND.md README.md SETUP.md assumptions.md assumptions.pdf build build.gradle config_template.json credits.md d_advanced1Save.game.dat d_advancedSave.game.dat d_advancedSaveOnce.game.dat d_advancedSaveTwice.game.dat d_boulderPushSave.game.dat d_doorsKeysSave.game.dat d_invincibilityPotionTestSave.game.dat d_invisibilityPotionTestSave.game.dat d_m3EntitiesSave.game.dat d_mazeSave.game.dat d_saveInventoryTest.game.dat d_saveLoadInventoryTest.game.dat d_swampSave.game.dat d_timeTravelEntitiesSave.game.dat design.pdf design_milestone_1+2.pdf design_milestone_1.pdf extract_coverage.sh gradle gradlew gradlew.bat images planning.pdf planning_milestone_1+2.pdf setup src testing.md testing.pdf timeTest.game.dat What went wrong: Execution failed for task ':test'. > There were failing tests. See the report at: file:///F12A_ICECREAM/build/reports/tests/test/index.html FRONTEND.md README.md SETUP.md assumptions.md assumptions.pdf build build.gradle config_template.json credits.md d_advanced1Save.game.dat d_advancedSave.game.dat d_advancedSaveOnce.game.dat d_advancedSaveTwice.game.dat d_boulderPushSave.game.dat d_doorsKeysSave.game.dat d_invincibilityPotionTestSave.game.dat d_invisibilityPotionTestSave.game.dat d_m3EntitiesSave.game.dat d_mazeSave.game.dat d_saveInventoryTest.game.dat d_saveLoadInventoryTest.game.dat d_swampSave.game.dat d_timeTravelEntitiesSave.game.dat design.pdf design_milestone_1+2.pdf design_milestone_1.pdf extract_coverage.sh gradle gradlew gradlew.bat images planning.pdf planning_milestone_1+2.pdf setup src testing.md testing.pdf timeTest.game.dat Try: > Run with --stacktrace option to get the stack trace. > Run with --info or --debug option to get more log output. > Run with --scan to get full insights. FRONTEND.md README.md SETUP.md assumptions.md assumptions.pdf build build.gradle config_template.json credits.md d_advanced1Save.game.dat d_advancedSave.game.dat d_advancedSaveOnce.game.dat d_advancedSaveTwice.game.dat d_boulderPushSave.game.dat d_doorsKeysSave.game.dat d_invincibilityPotionTestSave.game.dat d_invisibilityPotionTestSave.game.dat d_m3EntitiesSave.game.dat d_mazeSave.game.dat d_saveInventoryTest.game.dat d_saveLoadInventoryTest.game.dat d_swampSave.game.dat d_timeTravelEntitiesSave.game.dat design.pdf design_milestone_1+2.pdf design_milestone_1.pdf extract_coverage.sh gradle gradlew gradlew.bat images planning.pdf planning_milestone_1+2.pdf setup src testing.md testing.pdf timeTest.game.dat Get more help at https://help.gradle.org BUILD FAILED in 3s

Test 19-6: Test time travel portals more than 30 ticks takes game back 30 ticks
TimeTravelTest > Test time travel portals more than 30 ticks takes game back 30 ticks FAILED org.opentest4j.AssertionFailedError: expected: <1> but was: <0> at app//org.junit.jupiter.api.AssertionUtils.fail(AssertionUtils.java:55) at app//org.junit.jupiter.api.AssertionUtils.failNotEqual(AssertionUtils.java:62) at app//org.junit.jupiter.api.AssertEquals.assertEquals(AssertEquals.java:150) at app//org.junit.jupiter.api.AssertEquals.assertEquals(AssertEquals.java:145) at app//org.junit.jupiter.api.Assertions.assertEquals(Assertions.java:527) at app//dungeonmania.automarkingM3.TimeTravelTest.testTimeTravellingPortalMoreThan30Ticks(TimeTravelTest.java:194) FAILURE DONE 1 test completed, 1 failed FAILURE: Build failed with an exception. FRONTEND.md README.md SETUP.md assumptions.md assumptions.pdf build build.gradle config_template.json credits.md d_advanced1Save.game.dat d_advancedSave.game.dat d_advancedSaveOnce.game.dat d_advancedSaveTwice.game.dat d_boulderPushSave.game.dat d_doorsKeysSave.game.dat d_invincibilityPotionTestSave.game.dat d_invisibilityPotionTestSave.game.dat d_m3EntitiesSave.game.dat d_mazeSave.game.dat d_saveInventoryTest.game.dat d_saveLoadInventoryTest.game.dat d_swampSave.game.dat d_timeTravelEntitiesSave.game.dat design.pdf design_milestone_1+2.pdf design_milestone_1.pdf extract_coverage.sh gradle gradlew gradlew.bat images planning.pdf planning_milestone_1+2.pdf setup src testing.md testing.pdf timeTest.game.dat What went wrong: Execution failed for task ':test'. > There were failing tests. See the report at: file:///F12A_ICECREAM/build/reports/tests/test/index.html FRONTEND.md README.md SETUP.md assumptions.md assumptions.pdf build build.gradle config_template.json credits.md d_advanced1Save.game.dat d_advancedSave.game.dat d_advancedSaveOnce.game.dat d_advancedSaveTwice.game.dat d_boulderPushSave.game.dat d_doorsKeysSave.game.dat d_invincibilityPotionTestSave.game.dat d_invisibilityPotionTestSave.game.dat d_m3EntitiesSave.game.dat d_mazeSave.game.dat d_saveInventoryTest.game.dat d_saveLoadInventoryTest.game.dat d_swampSave.game.dat d_timeTravelEntitiesSave.game.dat design.pdf design_milestone_1+2.pdf design_milestone_1.pdf extract_coverage.sh gradle gradlew gradlew.bat images planning.pdf planning_milestone_1+2.pdf setup src testing.md testing.pdf timeTest.game.dat Try: > Run with --stacktrace option to get the stack trace. > Run with --info or --debug option to get more log output. > Run with --scan to get full insights. FRONTEND.md README.md SETUP.md assumptions.md assumptions.pdf build build.gradle config_template.json credits.md d_advanced1Save.game.dat d_advancedSave.game.dat d_advancedSaveOnce.game.dat d_advancedSaveTwice.game.dat d_boulderPushSave.game.dat d_doorsKeysSave.game.dat d_invincibilityPotionTestSave.game.dat d_invisibilityPotionTestSave.game.dat d_m3EntitiesSave.game.dat d_mazeSave.game.dat d_saveInventoryTest.game.dat d_saveLoadInventoryTest.game.dat d_swampSave.game.dat d_timeTravelEntitiesSave.game.dat design.pdf design_milestone_1+2.pdf design_milestone_1.pdf extract_coverage.sh gradle gradlew gradlew.bat images planning.pdf planning_milestone_1+2.pdf setup src testing.md testing.pdf timeTest.game.dat Get more help at https://help.gradle.org BUILD FAILED in 3s

Test 19-7: Test non player moving entities cannot move through time travel portal
SUCCESS DONE

Test 19-8: Test older self is present when time travelling through portal
TimeTravelTest > Test older self is present when time travelling through portal FAILED org.opentest4j.AssertionFailedError: expected: <1> but was: <0> at app//org.junit.jupiter.api.AssertionUtils.fail(AssertionUtils.java:55) at app//org.junit.jupiter.api.AssertionUtils.failNotEqual(AssertionUtils.java:62) at app//org.junit.jupiter.api.AssertEquals.assertEquals(AssertEquals.java:150) at app//org.junit.jupiter.api.AssertEquals.assertEquals(AssertEquals.java:145) at app//org.junit.jupiter.api.Assertions.assertEquals(Assertions.java:527) at app//dungeonmania.automarkingM3.TimeTravelTest.testOlderSelfTimeTravellingPortal(TimeTravelTest.java:254) FAILURE DONE 1 test completed, 1 failed FAILURE: Build failed with an exception. FRONTEND.md README.md SETUP.md assumptions.md assumptions.pdf build build.gradle config_template.json credits.md d_advanced1Save.game.dat d_advancedSave.game.dat d_advancedSaveOnce.game.dat d_advancedSaveTwice.game.dat d_boulderPushSave.game.dat d_doorsKeysSave.game.dat d_invincibilityPotionTestSave.game.dat d_invisibilityPotionTestSave.game.dat d_m3EntitiesSave.game.dat d_mazeSave.game.dat d_saveInventoryTest.game.dat d_saveLoadInventoryTest.game.dat d_swampSave.game.dat d_timeTravelEntitiesSave.game.dat design.pdf design_milestone_1+2.pdf design_milestone_1.pdf extract_coverage.sh gradle gradlew gradlew.bat images planning.pdf planning_milestone_1+2.pdf setup src testing.md testing.pdf timeTest.game.dat What went wrong: Execution failed for task ':test'. > There were failing tests. See the report at: file:///F12A_ICECREAM/build/reports/tests/test/index.html FRONTEND.md README.md SETUP.md assumptions.md assumptions.pdf build build.gradle config_template.json credits.md d_advanced1Save.game.dat d_advancedSave.game.dat d_advancedSaveOnce.game.dat d_advancedSaveTwice.game.dat d_boulderPushSave.game.dat d_doorsKeysSave.game.dat d_invincibilityPotionTestSave.game.dat d_invisibilityPotionTestSave.game.dat d_m3EntitiesSave.game.dat d_mazeSave.game.dat d_saveInventoryTest.game.dat d_saveLoadInventoryTest.game.dat d_swampSave.game.dat d_timeTravelEntitiesSave.game.dat design.pdf design_milestone_1+2.pdf design_milestone_1.pdf extract_coverage.sh gradle gradlew gradlew.bat images planning.pdf planning_milestone_1+2.pdf setup src testing.md testing.pdf timeTest.game.dat Try: > Run with --stacktrace option to get the stack trace. > Run with --info or --debug option to get more log output. > Run with --scan to get full insights. FRONTEND.md README.md SETUP.md assumptions.md assumptions.pdf build build.gradle config_template.json credits.md d_advanced1Save.game.dat d_advancedSave.game.dat d_advancedSaveOnce.game.dat d_advancedSaveTwice.game.dat d_boulderPushSave.game.dat d_doorsKeysSave.game.dat d_invincibilityPotionTestSave.game.dat d_invisibilityPotionTestSave.game.dat d_m3EntitiesSave.game.dat d_mazeSave.game.dat d_saveInventoryTest.game.dat d_saveLoadInventoryTest.game.dat d_swampSave.game.dat d_timeTravelEntitiesSave.game.dat design.pdf design_milestone_1+2.pdf design_milestone_1.pdf extract_coverage.sh gradle gradlew gradlew.bat images planning.pdf planning_milestone_1+2.pdf setup src testing.md testing.pdf timeTest.game.dat Get more help at https://help.gradle.org BUILD FAILED in 5s

Test 19-9: Test battle with older self occurs afters time travelling through portal
TimeTravelTest > Test battle with older self occurs afters time travelling through portal FAILED org.opentest4j.AssertionFailedError: expected: <1> but was: <0> at app//org.junit.jupiter.api.AssertionUtils.fail(AssertionUtils.java:55) at app//org.junit.jupiter.api.AssertionUtils.failNotEqual(AssertionUtils.java:62) at app//org.junit.jupiter.api.AssertEquals.assertEquals(AssertEquals.java:150) at app//org.junit.jupiter.api.AssertEquals.assertEquals(AssertEquals.java:145) at app//org.junit.jupiter.api.Assertions.assertEquals(Assertions.java:527) at app//dungeonmania.automarkingM3.TimeTravelTest.testBattleOlderSelfTimeTravellingPortal(TimeTravelTest.java:276) FAILURE DONE 1 test completed, 1 failed FAILURE: Build failed with an exception. FRONTEND.md README.md SETUP.md assumptions.md assumptions.pdf build build.gradle config_template.json credits.md d_advanced1Save.game.dat d_advancedSave.game.dat d_advancedSaveOnce.game.dat d_advancedSaveTwice.game.dat d_boulderPushSave.game.dat d_doorsKeysSave.game.dat d_invincibilityPotionTestSave.game.dat d_invisibilityPotionTestSave.game.dat d_m3EntitiesSave.game.dat d_mazeSave.game.dat d_saveInventoryTest.game.dat d_saveLoadInventoryTest.game.dat d_swampSave.game.dat d_timeTravelEntitiesSave.game.dat design.pdf design_milestone_1+2.pdf design_milestone_1.pdf extract_coverage.sh gradle gradlew gradlew.bat images planning.pdf planning_milestone_1+2.pdf setup src testing.md testing.pdf timeTest.game.dat What went wrong: Execution failed for task ':test'. > There were failing tests. See the report at: file:///F12A_ICECREAM/build/reports/tests/test/index.html FRONTEND.md README.md SETUP.md assumptions.md assumptions.pdf build build.gradle config_template.json credits.md d_advanced1Save.game.dat d_advancedSave.game.dat d_advancedSaveOnce.game.dat d_advancedSaveTwice.game.dat d_boulderPushSave.game.dat d_doorsKeysSave.game.dat d_invincibilityPotionTestSave.game.dat d_invisibilityPotionTestSave.game.dat d_m3EntitiesSave.game.dat d_mazeSave.game.dat d_saveInventoryTest.game.dat d_saveLoadInventoryTest.game.dat d_swampSave.game.dat d_timeTravelEntitiesSave.game.dat design.pdf design_milestone_1+2.pdf design_milestone_1.pdf extract_coverage.sh gradle gradlew gradlew.bat images planning.pdf planning_milestone_1+2.pdf setup src testing.md testing.pdf timeTest.game.dat Try: > Run with --stacktrace option to get the stack trace. > Run with --info or --debug option to get more log output. > Run with --scan to get full insights. FRONTEND.md README.md SETUP.md assumptions.md assumptions.pdf build build.gradle config_template.json credits.md d_advanced1Save.game.dat d_advancedSave.game.dat d_advancedSaveOnce.game.dat d_advancedSaveTwice.game.dat d_boulderPushSave.game.dat d_doorsKeysSave.game.dat d_invincibilityPotionTestSave.game.dat d_invisibilityPotionTestSave.game.dat d_m3EntitiesSave.game.dat d_mazeSave.game.dat d_saveInventoryTest.game.dat d_saveLoadInventoryTest.game.dat d_swampSave.game.dat d_timeTravelEntitiesSave.game.dat design.pdf design_milestone_1+2.pdf design_milestone_1.pdf extract_coverage.sh gradle gradlew gradlew.bat images planning.pdf planning_milestone_1+2.pdf setup src testing.md testing.pdf timeTest.game.dat Get more help at https://help.gradle.org BUILD FAILED in 5s

Test 19-10: Test time travelling portals don't teleport player
SUCCESS DONE

Test 19-11: Test time travelling portals no battle with invisibility potion
TimeTravelTest > Test time travelling portals no battle with invisibility potion FAILED org.opentest4j.AssertionFailedError: expected: <1> but was: <0> at app//org.junit.jupiter.api.AssertionUtils.fail(AssertionUtils.java:55) at app//org.junit.jupiter.api.AssertionUtils.failNotEqual(AssertionUtils.java:62) at app//org.junit.jupiter.api.AssertEquals.assertEquals(AssertEquals.java:150) at app//org.junit.jupiter.api.AssertEquals.assertEquals(AssertEquals.java:145) at app//org.junit.jupiter.api.Assertions.assertEquals(Assertions.java:527) at app//dungeonmania.automarkingM3.TimeTravelTest.testTimeTravellingPortalNoBattleInvisibilityPotion(TimeTravelTest.java:341) FAILURE DONE 1 test completed, 1 failed FAILURE: Build failed with an exception. FRONTEND.md README.md SETUP.md assumptions.md assumptions.pdf build build.gradle config_template.json credits.md d_advanced1Save.game.dat d_advancedSave.game.dat d_advancedSaveOnce.game.dat d_advancedSaveTwice.game.dat d_boulderPushSave.game.dat d_doorsKeysSave.game.dat d_invincibilityPotionTestSave.game.dat d_invisibilityPotionTestSave.game.dat d_m3EntitiesSave.game.dat d_mazeSave.game.dat d_saveInventoryTest.game.dat d_saveLoadInventoryTest.game.dat d_swampSave.game.dat d_timeTravelEntitiesSave.game.dat design.pdf design_milestone_1+2.pdf design_milestone_1.pdf extract_coverage.sh gradle gradlew gradlew.bat images planning.pdf planning_milestone_1+2.pdf setup src testing.md testing.pdf timeTest.game.dat What went wrong: Execution failed for task ':test'. > There were failing tests. See the report at: file:///F12A_ICECREAM/build/reports/tests/test/index.html FRONTEND.md README.md SETUP.md assumptions.md assumptions.pdf build build.gradle config_template.json credits.md d_advanced1Save.game.dat d_advancedSave.game.dat d_advancedSaveOnce.game.dat d_advancedSaveTwice.game.dat d_boulderPushSave.game.dat d_doorsKeysSave.game.dat d_invincibilityPotionTestSave.game.dat d_invisibilityPotionTestSave.game.dat d_m3EntitiesSave.game.dat d_mazeSave.game.dat d_saveInventoryTest.game.dat d_saveLoadInventoryTest.game.dat d_swampSave.game.dat d_timeTravelEntitiesSave.game.dat design.pdf design_milestone_1+2.pdf design_milestone_1.pdf extract_coverage.sh gradle gradlew gradlew.bat images planning.pdf planning_milestone_1+2.pdf setup src testing.md testing.pdf timeTest.game.dat Try: > Run with --stacktrace option to get the stack trace. > Run with --info or --debug option to get more log output. > Run with --scan to get full insights. FRONTEND.md README.md SETUP.md assumptions.md assumptions.pdf build build.gradle config_template.json credits.md d_advanced1Save.game.dat d_advancedSave.game.dat d_advancedSaveOnce.game.dat d_advancedSaveTwice.game.dat d_boulderPushSave.game.dat d_doorsKeysSave.game.dat d_invincibilityPotionTestSave.game.dat d_invisibilityPotionTestSave.game.dat d_m3EntitiesSave.game.dat d_mazeSave.game.dat d_saveInventoryTest.game.dat d_saveLoadInventoryTest.game.dat d_swampSave.game.dat d_timeTravelEntitiesSave.game.dat design.pdf design_milestone_1+2.pdf design_milestone_1.pdf extract_coverage.sh gradle gradlew gradlew.bat images planning.pdf planning_milestone_1+2.pdf setup src testing.md testing.pdf timeTest.game.dat Get more help at https://help.gradle.org BUILD FAILED in 5s

Test 19-12: Test older self follows correct path
TimeTravelTest > Test older self follows correct path FAILED java.lang.IndexOutOfBoundsException: Index 0 out of bounds for length 0 at java.base/jdk.internal.util.Preconditions.outOfBounds(Preconditions.java:64) at java.base/jdk.internal.util.Preconditions.outOfBoundsCheckIndex(Preconditions.java:70) at java.base/jdk.internal.util.Preconditions.checkIndex(Preconditions.java:248) at java.base/java.util.Objects.checkIndex(Objects.java:372) at java.base/java.util.ArrayList.get(ArrayList.java:459) at dungeonmania.automarkingM3.TimeTravelTest.testOlderSelfTimeTravellingPortalFollowsCorrectPath(TimeTravelTest.java:398) FAILURE DONE 1 test completed, 1 failed FAILURE: Build failed with an exception. FRONTEND.md README.md SETUP.md assumptions.md assumptions.pdf build build.gradle config_template.json credits.md d_advanced1Save.game.dat d_advancedSave.game.dat d_advancedSaveOnce.game.dat d_advancedSaveTwice.game.dat d_boulderPushSave.game.dat d_doorsKeysSave.game.dat d_invincibilityPotionTestSave.game.dat d_invisibilityPotionTestSave.game.dat d_m3EntitiesSave.game.dat d_mazeSave.game.dat d_saveInventoryTest.game.dat d_saveLoadInventoryTest.game.dat d_swampSave.game.dat d_timeTravelEntitiesSave.game.dat design.pdf design_milestone_1+2.pdf design_milestone_1.pdf extract_coverage.sh gradle gradlew gradlew.bat images planning.pdf planning_milestone_1+2.pdf setup src testing.md testing.pdf timeTest.game.dat What went wrong: Execution failed for task ':test'. > There were failing tests. See the report at: file:///F12A_ICECREAM/build/reports/tests/test/index.html FRONTEND.md README.md SETUP.md assumptions.md assumptions.pdf build build.gradle config_template.json credits.md d_advanced1Save.game.dat d_advancedSave.game.dat d_advancedSaveOnce.game.dat d_advancedSaveTwice.game.dat d_boulderPushSave.game.dat d_doorsKeysSave.game.dat d_invincibilityPotionTestSave.game.dat d_invisibilityPotionTestSave.game.dat d_m3EntitiesSave.game.dat d_mazeSave.game.dat d_saveInventoryTest.game.dat d_saveLoadInventoryTest.game.dat d_swampSave.game.dat d_timeTravelEntitiesSave.game.dat design.pdf design_milestone_1+2.pdf design_milestone_1.pdf extract_coverage.sh gradle gradlew gradlew.bat images planning.pdf planning_milestone_1+2.pdf setup src testing.md testing.pdf timeTest.game.dat Try: > Run with --stacktrace option to get the stack trace. > Run with --info or --debug option to get more log output. > Run with --scan to get full insights. FRONTEND.md README.md SETUP.md assumptions.md assumptions.pdf build build.gradle config_template.json credits.md d_advanced1Save.game.dat d_advancedSave.game.dat d_advancedSaveOnce.game.dat d_advancedSaveTwice.game.dat d_boulderPushSave.game.dat d_doorsKeysSave.game.dat d_invincibilityPotionTestSave.game.dat d_invisibilityPotionTestSave.game.dat d_m3EntitiesSave.game.dat d_mazeSave.game.dat d_saveInventoryTest.game.dat d_saveLoadInventoryTest.game.dat d_swampSave.game.dat d_timeTravelEntitiesSave.game.dat design.pdf design_milestone_1+2.pdf design_milestone_1.pdf extract_coverage.sh gradle gradlew gradlew.bat images planning.pdf planning_milestone_1+2.pdf setup src testing.md testing.pdf timeTest.game.dat Get more help at https://help.gradle.org BUILD FAILED in 5s

Test 19-14: Test no battle with older self if sunstone in inventory
TimeTravelTest > Test no battle with older self if sunstone in inventory FAILED org.opentest4j.AssertionFailedError: expected: <1> but was: <0> at app//org.junit.jupiter.api.AssertionUtils.fail(AssertionUtils.java:55) at app//org.junit.jupiter.api.AssertionUtils.failNotEqual(AssertionUtils.java:62) at app//org.junit.jupiter.api.AssertEquals.assertEquals(AssertEquals.java:150) at app//org.junit.jupiter.api.AssertEquals.assertEquals(AssertEquals.java:145) at app//org.junit.jupiter.api.Assertions.assertEquals(Assertions.java:527) at app//dungeonmania.automarkingM3.TimeTravelTest.testOlderSelfTimeTravellingPortalNoBattleWithSunstone(TimeTravelTest.java:461) FAILURE DONE 1 test completed, 1 failed FAILURE: Build failed with an exception. FRONTEND.md README.md SETUP.md assumptions.md assumptions.pdf build build.gradle config_template.json credits.md d_advanced1Save.game.dat d_advancedSave.game.dat d_advancedSaveOnce.game.dat d_advancedSaveTwice.game.dat d_boulderPushSave.game.dat d_doorsKeysSave.game.dat d_invincibilityPotionTestSave.game.dat d_invisibilityPotionTestSave.game.dat d_m3EntitiesSave.game.dat d_mazeSave.game.dat d_saveInventoryTest.game.dat d_saveLoadInventoryTest.game.dat d_swampSave.game.dat d_timeTravelEntitiesSave.game.dat design.pdf design_milestone_1+2.pdf design_milestone_1.pdf extract_coverage.sh gradle gradlew gradlew.bat images planning.pdf planning_milestone_1+2.pdf setup src testing.md testing.pdf timeTest.game.dat What went wrong: Execution failed for task ':test'. > There were failing tests. See the report at: file:///F12A_ICECREAM/build/reports/tests/test/index.html FRONTEND.md README.md SETUP.md assumptions.md assumptions.pdf build build.gradle config_template.json credits.md d_advanced1Save.game.dat d_advancedSave.game.dat d_advancedSaveOnce.game.dat d_advancedSaveTwice.game.dat d_boulderPushSave.game.dat d_doorsKeysSave.game.dat d_invincibilityPotionTestSave.game.dat d_invisibilityPotionTestSave.game.dat d_m3EntitiesSave.game.dat d_mazeSave.game.dat d_saveInventoryTest.game.dat d_saveLoadInventoryTest.game.dat d_swampSave.game.dat d_timeTravelEntitiesSave.game.dat design.pdf design_milestone_1+2.pdf design_milestone_1.pdf extract_coverage.sh gradle gradlew gradlew.bat images planning.pdf planning_milestone_1+2.pdf setup src testing.md testing.pdf timeTest.game.dat Try: > Run with --stacktrace option to get the stack trace. > Run with --info or --debug option to get more log output. > Run with --scan to get full insights. FRONTEND.md README.md SETUP.md assumptions.md assumptions.pdf build build.gradle config_template.json credits.md d_advanced1Save.game.dat d_advancedSave.game.dat d_advancedSaveOnce.game.dat d_advancedSaveTwice.game.dat d_boulderPushSave.game.dat d_doorsKeysSave.game.dat d_invincibilityPotionTestSave.game.dat d_invisibilityPotionTestSave.game.dat d_m3EntitiesSave.game.dat d_mazeSave.game.dat d_saveInventoryTest.game.dat d_saveLoadInventoryTest.game.dat d_swampSave.game.dat d_timeTravelEntitiesSave.game.dat design.pdf design_milestone_1+2.pdf design_milestone_1.pdf extract_coverage.sh gradle gradlew gradlew.bat images planning.pdf planning_milestone_1+2.pdf setup src testing.md testing.pdf timeTest.game.dat Get more help at https://help.gradle.org BUILD FAILED in 4s

Test 19-15: Test no battle with older self if midnight armour in inventory
TimeTravelTest > Test no battle with older self if midnight armour in inventory FAILED org.opentest4j.AssertionFailedError: expected: <1> but was: <0> at app//org.junit.jupiter.api.AssertionUtils.fail(AssertionUtils.java:55) at app//org.junit.jupiter.api.AssertionUtils.failNotEqual(AssertionUtils.java:62) at app//org.junit.jupiter.api.AssertEquals.assertEquals(AssertEquals.java:150) at app//org.junit.jupiter.api.AssertEquals.assertEquals(AssertEquals.java:145) at app//org.junit.jupiter.api.Assertions.assertEquals(Assertions.java:527) at app//dungeonmania.automarkingM3.TimeTravelTest.testOlderSelfTimeTravellingPortalNoBattleWithMidnightArmour(TimeTravelTest.java:493) FAILURE DONE 1 test completed, 1 failed FAILURE: Build failed with an exception. FRONTEND.md README.md SETUP.md assumptions.md assumptions.pdf build build.gradle config_template.json credits.md d_advanced1Save.game.dat d_advancedSave.game.dat d_advancedSaveOnce.game.dat d_advancedSaveTwice.game.dat d_boulderPushSave.game.dat d_doorsKeysSave.game.dat d_invincibilityPotionTestSave.game.dat d_invisibilityPotionTestSave.game.dat d_m3EntitiesSave.game.dat d_mazeSave.game.dat d_saveInventoryTest.game.dat d_saveLoadInventoryTest.game.dat d_swampSave.game.dat d_timeTravelEntitiesSave.game.dat design.pdf design_milestone_1+2.pdf design_milestone_1.pdf extract_coverage.sh gradle gradlew gradlew.bat images planning.pdf planning_milestone_1+2.pdf setup src testing.md testing.pdf timeTest.game.dat What went wrong: Execution failed for task ':test'. > There were failing tests. See the report at: file:///F12A_ICECREAM/build/reports/tests/test/index.html FRONTEND.md README.md SETUP.md assumptions.md assumptions.pdf build build.gradle config_template.json credits.md d_advanced1Save.game.dat d_advancedSave.game.dat d_advancedSaveOnce.game.dat d_advancedSaveTwice.game.dat d_boulderPushSave.game.dat d_doorsKeysSave.game.dat d_invincibilityPotionTestSave.game.dat d_invisibilityPotionTestSave.game.dat d_m3EntitiesSave.game.dat d_mazeSave.game.dat d_saveInventoryTest.game.dat d_saveLoadInventoryTest.game.dat d_swampSave.game.dat d_timeTravelEntitiesSave.game.dat design.pdf design_milestone_1+2.pdf design_milestone_1.pdf extract_coverage.sh gradle gradlew gradlew.bat images planning.pdf planning_milestone_1+2.pdf setup src testing.md testing.pdf timeTest.game.dat Try: > Run with --stacktrace option to get the stack trace. > Run with --info or --debug option to get more log output. > Run with --scan to get full insights. FRONTEND.md README.md SETUP.md assumptions.md assumptions.pdf build build.gradle config_template.json credits.md d_advanced1Save.game.dat d_advancedSave.game.dat d_advancedSaveOnce.game.dat d_advancedSaveTwice.game.dat d_boulderPushSave.game.dat d_doorsKeysSave.game.dat d_invincibilityPotionTestSave.game.dat d_invisibilityPotionTestSave.game.dat d_m3EntitiesSave.game.dat d_mazeSave.game.dat d_saveInventoryTest.game.dat d_saveLoadInventoryTest.game.dat d_swampSave.game.dat d_timeTravelEntitiesSave.game.dat design.pdf design_milestone_1+2.pdf design_milestone_1.pdf extract_coverage.sh gradle gradlew gradlew.bat images planning.pdf planning_milestone_1+2.pdf setup src testing.md testing.pdf timeTest.game.dat Get more help at https://help.gradle.org BUILD FAILED in 3s

Test 19-16: Test battle with older self if sunstone not in inventory
TimeTravelTest > Test battle with older self if sunstone not in inventory FAILED org.opentest4j.AssertionFailedError: expected: <1> but was: <0> at app//org.junit.jupiter.api.AssertionUtils.fail(AssertionUtils.java:55) at app//org.junit.jupiter.api.AssertionUtils.failNotEqual(AssertionUtils.java:62) at app//org.junit.jupiter.api.AssertEquals.assertEquals(AssertEquals.java:150) at app//org.junit.jupiter.api.AssertEquals.assertEquals(AssertEquals.java:145) at app//org.junit.jupiter.api.Assertions.assertEquals(Assertions.java:527) at app//dungeonmania.automarkingM3.TimeTravelTest.testOlderSelfTimeTravellingPortalBattleWithNoSunstone(TimeTravelTest.java:525) FAILURE DONE 1 test completed, 1 failed FAILURE: Build failed with an exception. FRONTEND.md README.md SETUP.md assumptions.md assumptions.pdf build build.gradle config_template.json credits.md d_advanced1Save.game.dat d_advancedSave.game.dat d_advancedSaveOnce.game.dat d_advancedSaveTwice.game.dat d_boulderPushSave.game.dat d_doorsKeysSave.game.dat d_invincibilityPotionTestSave.game.dat d_invisibilityPotionTestSave.game.dat d_m3EntitiesSave.game.dat d_mazeSave.game.dat d_saveInventoryTest.game.dat d_saveLoadInventoryTest.game.dat d_swampSave.game.dat d_timeTravelEntitiesSave.game.dat design.pdf design_milestone_1+2.pdf design_milestone_1.pdf extract_coverage.sh gradle gradlew gradlew.bat images planning.pdf planning_milestone_1+2.pdf setup src testing.md testing.pdf timeTest.game.dat What went wrong: Execution failed for task ':test'. > There were failing tests. See the report at: file:///F12A_ICECREAM/build/reports/tests/test/index.html FRONTEND.md README.md SETUP.md assumptions.md assumptions.pdf build build.gradle config_template.json credits.md d_advanced1Save.game.dat d_advancedSave.game.dat d_advancedSaveOnce.game.dat d_advancedSaveTwice.game.dat d_boulderPushSave.game.dat d_doorsKeysSave.game.dat d_invincibilityPotionTestSave.game.dat d_invisibilityPotionTestSave.game.dat d_m3EntitiesSave.game.dat d_mazeSave.game.dat d_saveInventoryTest.game.dat d_saveLoadInventoryTest.game.dat d_swampSave.game.dat d_timeTravelEntitiesSave.game.dat design.pdf design_milestone_1+2.pdf design_milestone_1.pdf extract_coverage.sh gradle gradlew gradlew.bat images planning.pdf planning_milestone_1+2.pdf setup src testing.md testing.pdf timeTest.game.dat Try: > Run with --stacktrace option to get the stack trace. > Run with --info or --debug option to get more log output. > Run with --scan to get full insights. FRONTEND.md README.md SETUP.md assumptions.md assumptions.pdf build build.gradle config_template.json credits.md d_advanced1Save.game.dat d_advancedSave.game.dat d_advancedSaveOnce.game.dat d_advancedSaveTwice.game.dat d_boulderPushSave.game.dat d_doorsKeysSave.game.dat d_invincibilityPotionTestSave.game.dat d_invisibilityPotionTestSave.game.dat d_m3EntitiesSave.game.dat d_mazeSave.game.dat d_saveInventoryTest.game.dat d_saveLoadInventoryTest.game.dat d_swampSave.game.dat d_timeTravelEntitiesSave.game.dat design.pdf design_milestone_1+2.pdf design_milestone_1.pdf extract_coverage.sh gradle gradlew gradlew.bat images planning.pdf planning_milestone_1+2.pdf setup src testing.md testing.pdf timeTest.game.dat Get more help at https://help.gradle.org BUILD FAILED in 3s

Test 19-17: Test saving with Time Travel Extensions entities
SaveLoadTest > Test saving with Time Travel Extensions entities FAILED org.opentest4j.AssertionFailedError: expected: <true> but was: <false> at app//org.junit.jupiter.api.AssertionUtils.fail(AssertionUtils.java:55) at app//org.junit.jupiter.api.AssertTrue.assertTrue(AssertTrue.java:40) at app//org.junit.jupiter.api.AssertTrue.assertTrue(AssertTrue.java:35) at app//org.junit.jupiter.api.Assertions.assertTrue(Assertions.java:179) at app//dungeonmania.automarkingM3.SaveLoadTest.testSaveTimeTravelExtensions(SaveLoadTest.java:152) FAILURE DONE 1 test completed, 1 failed FAILURE: Build failed with an exception. FRONTEND.md README.md SETUP.md assumptions.md assumptions.pdf build build.gradle config_template.json credits.md d_advanced1Save.game.dat d_advancedSave.game.dat d_advancedSaveOnce.game.dat d_advancedSaveTwice.game.dat d_boulderPushSave.game.dat d_doorsKeysSave.game.dat d_invincibilityPotionTestSave.game.dat d_invisibilityPotionTestSave.game.dat d_m3EntitiesSave.game.dat d_mazeSave.game.dat d_saveInventoryTest.game.dat d_saveLoadInventoryTest.game.dat d_swampSave.game.dat d_timeTravelEntitiesSave.game.dat design.pdf design_milestone_1+2.pdf design_milestone_1.pdf extract_coverage.sh gradle gradlew gradlew.bat images planning.pdf planning_milestone_1+2.pdf setup src testing.md testing.pdf timeTest.game.dat What went wrong: Execution failed for task ':test'. > There were failing tests. See the report at: file:///F12A_ICECREAM/build/reports/tests/test/index.html FRONTEND.md README.md SETUP.md assumptions.md assumptions.pdf build build.gradle config_template.json credits.md d_advanced1Save.game.dat d_advancedSave.game.dat d_advancedSaveOnce.game.dat d_advancedSaveTwice.game.dat d_boulderPushSave.game.dat d_doorsKeysSave.game.dat d_invincibilityPotionTestSave.game.dat d_invisibilityPotionTestSave.game.dat d_m3EntitiesSave.game.dat d_mazeSave.game.dat d_saveInventoryTest.game.dat d_saveLoadInventoryTest.game.dat d_swampSave.game.dat d_timeTravelEntitiesSave.game.dat design.pdf design_milestone_1+2.pdf design_milestone_1.pdf extract_coverage.sh gradle gradlew gradlew.bat images planning.pdf planning_milestone_1+2.pdf setup src testing.md testing.pdf timeTest.game.dat Try: > Run with --stacktrace option to get the stack trace. > Run with --info or --debug option to get more log output. > Run with --scan to get full insights. FRONTEND.md README.md SETUP.md assumptions.md assumptions.pdf build build.gradle config_template.json credits.md d_advanced1Save.game.dat d_advancedSave.game.dat d_advancedSaveOnce.game.dat d_advancedSaveTwice.game.dat d_boulderPushSave.game.dat d_doorsKeysSave.game.dat d_invincibilityPotionTestSave.game.dat d_invisibilityPotionTestSave.game.dat d_m3EntitiesSave.game.dat d_mazeSave.game.dat d_saveInventoryTest.game.dat d_saveLoadInventoryTest.game.dat d_swampSave.game.dat d_timeTravelEntitiesSave.game.dat design.pdf design_milestone_1+2.pdf design_milestone_1.pdf extract_coverage.sh gradle gradlew gradlew.bat images planning.pdf planning_milestone_1+2.pdf setup src testing.md testing.pdf timeTest.game.dat Get more help at https://help.gradle.org BUILD FAILED in 4s

Test 19-18: Test save load with time travel portal - before time travel
SaveLoadTest > Test save load with time travel portal - before time travel FAILED org.opentest4j.AssertionFailedError: expected: <1> but was: <0> at app//org.junit.jupiter.api.AssertionUtils.fail(AssertionUtils.java:55) at app//org.junit.jupiter.api.AssertionUtils.failNotEqual(AssertionUtils.java:62) at app//org.junit.jupiter.api.AssertEquals.assertEquals(AssertEquals.java:150) at app//org.junit.jupiter.api.AssertEquals.assertEquals(AssertEquals.java:145) at app//org.junit.jupiter.api.Assertions.assertEquals(Assertions.java:527) at app//dungeonmania.automarkingM3.SaveLoadTest.TimeTravelPortalBefore(SaveLoadTest.java:456) FAILURE DONE 1 test completed, 1 failed FAILURE: Build failed with an exception. FRONTEND.md README.md SETUP.md assumptions.md assumptions.pdf build build.gradle config_template.json credits.md d_advanced1Save.game.dat d_advancedSave.game.dat d_advancedSaveOnce.game.dat d_advancedSaveTwice.game.dat d_boulderPushSave.game.dat d_doorsKeysSave.game.dat d_invincibilityPotionTestSave.game.dat d_invisibilityPotionTestSave.game.dat d_m3EntitiesSave.game.dat d_mazeSave.game.dat d_saveInventoryTest.game.dat d_saveLoadInventoryTest.game.dat d_swampSave.game.dat d_timeTravelEntitiesSave.game.dat design.pdf design_milestone_1+2.pdf design_milestone_1.pdf extract_coverage.sh gradle gradlew gradlew.bat images planning.pdf planning_milestone_1+2.pdf setup src testing.md testing.pdf timeTest.game.dat What went wrong: Execution failed for task ':test'. > There were failing tests. See the report at: file:///F12A_ICECREAM/build/reports/tests/test/index.html FRONTEND.md README.md SETUP.md assumptions.md assumptions.pdf build build.gradle config_template.json credits.md d_advanced1Save.game.dat d_advancedSave.game.dat d_advancedSaveOnce.game.dat d_advancedSaveTwice.game.dat d_boulderPushSave.game.dat d_doorsKeysSave.game.dat d_invincibilityPotionTestSave.game.dat d_invisibilityPotionTestSave.game.dat d_m3EntitiesSave.game.dat d_mazeSave.game.dat d_saveInventoryTest.game.dat d_saveLoadInventoryTest.game.dat d_swampSave.game.dat d_timeTravelEntitiesSave.game.dat design.pdf design_milestone_1+2.pdf design_milestone_1.pdf extract_coverage.sh gradle gradlew gradlew.bat images planning.pdf planning_milestone_1+2.pdf setup src testing.md testing.pdf timeTest.game.dat Try: > Run with --stacktrace option to get the stack trace. > Run with --info or --debug option to get more log output. > Run with --scan to get full insights. FRONTEND.md README.md SETUP.md assumptions.md assumptions.pdf build build.gradle config_template.json credits.md d_advanced1Save.game.dat d_advancedSave.game.dat d_advancedSaveOnce.game.dat d_advancedSaveTwice.game.dat d_boulderPushSave.game.dat d_doorsKeysSave.game.dat d_invincibilityPotionTestSave.game.dat d_invisibilityPotionTestSave.game.dat d_m3EntitiesSave.game.dat d_mazeSave.game.dat d_saveInventoryTest.game.dat d_saveLoadInventoryTest.game.dat d_swampSave.game.dat d_timeTravelEntitiesSave.game.dat design.pdf design_milestone_1+2.pdf design_milestone_1.pdf extract_coverage.sh gradle gradlew gradlew.bat images planning.pdf planning_milestone_1+2.pdf setup src testing.md testing.pdf timeTest.game.dat Get more help at https://help.gradle.org BUILD FAILED in 3s

Test 19-19: Test save load with time travel portal - after time travel
SaveLoadTest > Test save load with time travel portal - after time travel FAILED org.opentest4j.AssertionFailedError: expected: <1> but was: <0> at app//org.junit.jupiter.api.AssertionUtils.fail(AssertionUtils.java:55) at app//org.junit.jupiter.api.AssertionUtils.failNotEqual(AssertionUtils.java:62) at app//org.junit.jupiter.api.AssertEquals.assertEquals(AssertEquals.java:150) at app//org.junit.jupiter.api.AssertEquals.assertEquals(AssertEquals.java:145) at app//org.junit.jupiter.api.Assertions.assertEquals(Assertions.java:527) at app//dungeonmania.automarkingM3.SaveLoadTest.TimeTravelPortalAfter(SaveLoadTest.java:497) FAILURE DONE 1 test completed, 1 failed FAILURE: Build failed with an exception. FRONTEND.md README.md SETUP.md assumptions.md assumptions.pdf build build.gradle config_template.json credits.md d_advanced1Save.game.dat d_advancedSave.game.dat d_advancedSaveOnce.game.dat d_advancedSaveTwice.game.dat d_boulderPushSave.game.dat d_doorsKeysSave.game.dat d_invincibilityPotionTestSave.game.dat d_invisibilityPotionTestSave.game.dat d_m3EntitiesSave.game.dat d_mazeSave.game.dat d_saveInventoryTest.game.dat d_saveLoadInventoryTest.game.dat d_swampSave.game.dat d_timeTravelEntitiesSave.game.dat design.pdf design_milestone_1+2.pdf design_milestone_1.pdf extract_coverage.sh gradle gradlew gradlew.bat images planning.pdf planning_milestone_1+2.pdf setup src testing.md testing.pdf timeTest.game.dat What went wrong: Execution failed for task ':test'. > There were failing tests. See the report at: file:///F12A_ICECREAM/build/reports/tests/test/index.html FRONTEND.md README.md SETUP.md assumptions.md assumptions.pdf build build.gradle config_template.json credits.md d_advanced1Save.game.dat d_advancedSave.game.dat d_advancedSaveOnce.game.dat d_advancedSaveTwice.game.dat d_boulderPushSave.game.dat d_doorsKeysSave.game.dat d_invincibilityPotionTestSave.game.dat d_invisibilityPotionTestSave.game.dat d_m3EntitiesSave.game.dat d_mazeSave.game.dat d_saveInventoryTest.game.dat d_saveLoadInventoryTest.game.dat d_swampSave.game.dat d_timeTravelEntitiesSave.game.dat design.pdf design_milestone_1+2.pdf design_milestone_1.pdf extract_coverage.sh gradle gradlew gradlew.bat images planning.pdf planning_milestone_1+2.pdf setup src testing.md testing.pdf timeTest.game.dat Try: > Run with --stacktrace option to get the stack trace. > Run with --info or --debug option to get more log output. > Run with --scan to get full insights. FRONTEND.md README.md SETUP.md assumptions.md assumptions.pdf build build.gradle config_template.json credits.md d_advanced1Save.game.dat d_advancedSave.game.dat d_advancedSaveOnce.game.dat d_advancedSaveTwice.game.dat d_boulderPushSave.game.dat d_doorsKeysSave.game.dat d_invincibilityPotionTestSave.game.dat d_invisibilityPotionTestSave.game.dat d_m3EntitiesSave.game.dat d_mazeSave.game.dat d_saveInventoryTest.game.dat d_saveLoadInventoryTest.game.dat d_swampSave.game.dat d_timeTravelEntitiesSave.game.dat design.pdf design_milestone_1+2.pdf design_milestone_1.pdf extract_coverage.sh gradle gradlew gradlew.bat images planning.pdf planning_milestone_1+2.pdf setup src testing.md testing.pdf timeTest.game.dat Get more help at https://help.gradle.org BUILD FAILED in 3s

Test 19-20: Test save before time travelling
SaveLoadTest > Test save before time travelling FAILED java.lang.RuntimeException: rewind(int) doesn't exist at dungeonmania.automarkingM3.SaveLoadTest.testSaveBeforeTimeTravel(SaveLoadTest.java:316) FAILURE DONE 1 test completed, 1 failed FAILURE: Build failed with an exception. FRONTEND.md README.md SETUP.md assumptions.md assumptions.pdf build build.gradle config_template.json credits.md d_advanced1Save.game.dat d_advancedSave.game.dat d_advancedSaveOnce.game.dat d_advancedSaveTwice.game.dat d_boulderPushSave.game.dat d_doorsKeysSave.game.dat d_invincibilityPotionTestSave.game.dat d_invisibilityPotionTestSave.game.dat d_m3EntitiesSave.game.dat d_mazeSave.game.dat d_saveInventoryTest.game.dat d_saveLoadInventoryTest.game.dat d_swampSave.game.dat d_timeTravelEntitiesSave.game.dat design.pdf design_milestone_1+2.pdf design_milestone_1.pdf extract_coverage.sh gradle gradlew gradlew.bat images planning.pdf planning_milestone_1+2.pdf setup src testing.md testing.pdf timeTest.game.dat What went wrong: Execution failed for task ':test'. > There were failing tests. See the report at: file:///F12A_ICECREAM/build/reports/tests/test/index.html FRONTEND.md README.md SETUP.md assumptions.md assumptions.pdf build build.gradle config_template.json credits.md d_advanced1Save.game.dat d_advancedSave.game.dat d_advancedSaveOnce.game.dat d_advancedSaveTwice.game.dat d_boulderPushSave.game.dat d_doorsKeysSave.game.dat d_invincibilityPotionTestSave.game.dat d_invisibilityPotionTestSave.game.dat d_m3EntitiesSave.game.dat d_mazeSave.game.dat d_saveInventoryTest.game.dat d_saveLoadInventoryTest.game.dat d_swampSave.game.dat d_timeTravelEntitiesSave.game.dat design.pdf design_milestone_1+2.pdf design_milestone_1.pdf extract_coverage.sh gradle gradlew gradlew.bat images planning.pdf planning_milestone_1+2.pdf setup src testing.md testing.pdf timeTest.game.dat Try: > Run with --stacktrace option to get the stack trace. > Run with --info or --debug option to get more log output. > Run with --scan to get full insights. FRONTEND.md README.md SETUP.md assumptions.md assumptions.pdf build build.gradle config_template.json credits.md d_advanced1Save.game.dat d_advancedSave.game.dat d_advancedSaveOnce.game.dat d_advancedSaveTwice.game.dat d_boulderPushSave.game.dat d_doorsKeysSave.game.dat d_invincibilityPotionTestSave.game.dat d_invisibilityPotionTestSave.game.dat d_m3EntitiesSave.game.dat d_mazeSave.game.dat d_saveInventoryTest.game.dat d_saveLoadInventoryTest.game.dat d_swampSave.game.dat d_timeTravelEntitiesSave.game.dat design.pdf design_milestone_1+2.pdf design_milestone_1.pdf extract_coverage.sh gradle gradlew gradlew.bat images planning.pdf planning_milestone_1+2.pdf setup src testing.md testing.pdf timeTest.game.dat Get more help at https://help.gradle.org BUILD FAILED in 4s

Test 19-21: Test game continues as normal after time travel then immediately save
SaveLoadTest > Test game continues as normal after time travel, then immediately save FAILED java.lang.RuntimeException: rewind(int) doesn't exist at dungeonmania.automarkingM3.SaveLoadTest.testAfterTimeTravel(SaveLoadTest.java:247) FAILURE DONE 1 test completed, 1 failed FAILURE: Build failed with an exception. FRONTEND.md README.md SETUP.md assumptions.md assumptions.pdf build build.gradle config_template.json credits.md d_advanced1Save.game.dat d_advancedSave.game.dat d_advancedSaveOnce.game.dat d_advancedSaveTwice.game.dat d_boulderPushSave.game.dat d_doorsKeysSave.game.dat d_invincibilityPotionTestSave.game.dat d_invisibilityPotionTestSave.game.dat d_m3EntitiesSave.game.dat d_mazeSave.game.dat d_saveInventoryTest.game.dat d_saveLoadInventoryTest.game.dat d_swampSave.game.dat d_timeTravelEntitiesSave.game.dat design.pdf design_milestone_1+2.pdf design_milestone_1.pdf extract_coverage.sh gradle gradlew gradlew.bat images planning.pdf planning_milestone_1+2.pdf setup src testing.md testing.pdf timeTest.game.dat What went wrong: Execution failed for task ':test'. > There were failing tests. See the report at: file:///F12A_ICECREAM/build/reports/tests/test/index.html FRONTEND.md README.md SETUP.md assumptions.md assumptions.pdf build build.gradle config_template.json credits.md d_advanced1Save.game.dat d_advancedSave.game.dat d_advancedSaveOnce.game.dat d_advancedSaveTwice.game.dat d_boulderPushSave.game.dat d_doorsKeysSave.game.dat d_invincibilityPotionTestSave.game.dat d_invisibilityPotionTestSave.game.dat d_m3EntitiesSave.game.dat d_mazeSave.game.dat d_saveInventoryTest.game.dat d_saveLoadInventoryTest.game.dat d_swampSave.game.dat d_timeTravelEntitiesSave.game.dat design.pdf design_milestone_1+2.pdf design_milestone_1.pdf extract_coverage.sh gradle gradlew gradlew.bat images planning.pdf planning_milestone_1+2.pdf setup src testing.md testing.pdf timeTest.game.dat Try: > Run with --stacktrace option to get the stack trace. > Run with --info or --debug option to get more log output. > Run with --scan to get full insights. FRONTEND.md README.md SETUP.md assumptions.md assumptions.pdf build build.gradle config_template.json credits.md d_advanced1Save.game.dat d_advancedSave.game.dat d_advancedSaveOnce.game.dat d_advancedSaveTwice.game.dat d_boulderPushSave.game.dat d_doorsKeysSave.game.dat d_invincibilityPotionTestSave.game.dat d_invisibilityPotionTestSave.game.dat d_m3EntitiesSave.game.dat d_mazeSave.game.dat d_saveInventoryTest.game.dat d_saveLoadInventoryTest.game.dat d_swampSave.game.dat d_timeTravelEntitiesSave.game.dat design.pdf design_milestone_1+2.pdf design_milestone_1.pdf extract_coverage.sh gradle gradlew gradlew.bat images planning.pdf planning_milestone_1+2.pdf setup src testing.md testing.pdf timeTest.game.dat Get more help at https://help.gradle.org BUILD FAILED in 3s

20. Logical Switches

Test 20-1: Test turning on a light bulb
LogicGatesTest > Test turning on a light bulb FAILED org.opentest4j.AssertionFailedError: expected: <1> but was: <0> at app//org.junit.jupiter.api.AssertionUtils.fail(AssertionUtils.java:55) at app//org.junit.jupiter.api.AssertionUtils.failNotEqual(AssertionUtils.java:62) at app//org.junit.jupiter.api.AssertEquals.assertEquals(AssertEquals.java:150) at app//org.junit.jupiter.api.AssertEquals.assertEquals(AssertEquals.java:145) at app//org.junit.jupiter.api.Assertions.assertEquals(Assertions.java:527) at app//dungeonmania.automarkingM3.LogicGatesTest.TurnOnLightBulb(LogicGatesTest.java:35) FAILURE DONE 1 test completed, 1 failed FAILURE: Build failed with an exception. FRONTEND.md README.md SETUP.md assumptions.md assumptions.pdf build build.gradle config_template.json credits.md d_advanced1Save.game.dat d_advancedSave.game.dat d_advancedSaveOnce.game.dat d_advancedSaveTwice.game.dat d_boulderPushSave.game.dat d_doorsKeysSave.game.dat d_invincibilityPotionTestSave.game.dat d_invisibilityPotionTestSave.game.dat d_m3EntitiesSave.game.dat d_mazeSave.game.dat d_saveInventoryTest.game.dat d_saveLoadInventoryTest.game.dat d_swampSave.game.dat d_timeTravelEntitiesSave.game.dat design.pdf design_milestone_1+2.pdf design_milestone_1.pdf extract_coverage.sh gradle gradlew gradlew.bat images planning.pdf planning_milestone_1+2.pdf setup src testing.md testing.pdf timeTest.game.dat What went wrong: Execution failed for task ':test'. > There were failing tests. See the report at: file:///F12A_ICECREAM/build/reports/tests/test/index.html FRONTEND.md README.md SETUP.md assumptions.md assumptions.pdf build build.gradle config_template.json credits.md d_advanced1Save.game.dat d_advancedSave.game.dat d_advancedSaveOnce.game.dat d_advancedSaveTwice.game.dat d_boulderPushSave.game.dat d_doorsKeysSave.game.dat d_invincibilityPotionTestSave.game.dat d_invisibilityPotionTestSave.game.dat d_m3EntitiesSave.game.dat d_mazeSave.game.dat d_saveInventoryTest.game.dat d_saveLoadInventoryTest.game.dat d_swampSave.game.dat d_timeTravelEntitiesSave.game.dat design.pdf design_milestone_1+2.pdf design_milestone_1.pdf extract_coverage.sh gradle gradlew gradlew.bat images planning.pdf planning_milestone_1+2.pdf setup src testing.md testing.pdf timeTest.game.dat Try: > Run with --stacktrace option to get the stack trace. > Run with --info or --debug option to get more log output. > Run with --scan to get full insights. FRONTEND.md README.md SETUP.md assumptions.md assumptions.pdf build build.gradle config_template.json credits.md d_advanced1Save.game.dat d_advancedSave.game.dat d_advancedSaveOnce.game.dat d_advancedSaveTwice.game.dat d_boulderPushSave.game.dat d_doorsKeysSave.game.dat d_invincibilityPotionTestSave.game.dat d_invisibilityPotionTestSave.game.dat d_m3EntitiesSave.game.dat d_mazeSave.game.dat d_saveInventoryTest.game.dat d_saveLoadInventoryTest.game.dat d_swampSave.game.dat d_timeTravelEntitiesSave.game.dat design.pdf design_milestone_1+2.pdf design_milestone_1.pdf extract_coverage.sh gradle gradlew gradlew.bat images planning.pdf planning_milestone_1+2.pdf setup src testing.md testing.pdf timeTest.game.dat Get more help at https://help.gradle.org BUILD FAILED in 3s

Test 20-2: Test activating a wire and exploding a bomb
LogicGatesTest > Test activating a wire and exploding a bomb FAILED org.opentest4j.AssertionFailedError: expected: <0> but was: <1> at app//org.junit.jupiter.api.AssertionUtils.fail(AssertionUtils.java:55) at app//org.junit.jupiter.api.AssertionUtils.failNotEqual(AssertionUtils.java:62) at app//org.junit.jupiter.api.AssertEquals.assertEquals(AssertEquals.java:150) at app//org.junit.jupiter.api.AssertEquals.assertEquals(AssertEquals.java:145) at app//org.junit.jupiter.api.Assertions.assertEquals(Assertions.java:527) at app//dungeonmania.automarkingM3.LogicGatesTest.ActivateWireAndExplodeBomb(LogicGatesTest.java:73) FAILURE DONE 1 test completed, 1 failed FAILURE: Build failed with an exception. FRONTEND.md README.md SETUP.md assumptions.md assumptions.pdf build build.gradle config_template.json credits.md d_advanced1Save.game.dat d_advancedSave.game.dat d_advancedSaveOnce.game.dat d_advancedSaveTwice.game.dat d_boulderPushSave.game.dat d_doorsKeysSave.game.dat d_invincibilityPotionTestSave.game.dat d_invisibilityPotionTestSave.game.dat d_m3EntitiesSave.game.dat d_mazeSave.game.dat d_saveInventoryTest.game.dat d_saveLoadInventoryTest.game.dat d_swampSave.game.dat d_timeTravelEntitiesSave.game.dat design.pdf design_milestone_1+2.pdf design_milestone_1.pdf extract_coverage.sh gradle gradlew gradlew.bat images planning.pdf planning_milestone_1+2.pdf setup src testing.md testing.pdf timeTest.game.dat What went wrong: Execution failed for task ':test'. > There were failing tests. See the report at: file:///F12A_ICECREAM/build/reports/tests/test/index.html FRONTEND.md README.md SETUP.md assumptions.md assumptions.pdf build build.gradle config_template.json credits.md d_advanced1Save.game.dat d_advancedSave.game.dat d_advancedSaveOnce.game.dat d_advancedSaveTwice.game.dat d_boulderPushSave.game.dat d_doorsKeysSave.game.dat d_invincibilityPotionTestSave.game.dat d_invisibilityPotionTestSave.game.dat d_m3EntitiesSave.game.dat d_mazeSave.game.dat d_saveInventoryTest.game.dat d_saveLoadInventoryTest.game.dat d_swampSave.game.dat d_timeTravelEntitiesSave.game.dat design.pdf design_milestone_1+2.pdf design_milestone_1.pdf extract_coverage.sh gradle gradlew gradlew.bat images planning.pdf planning_milestone_1+2.pdf setup src testing.md testing.pdf timeTest.game.dat Try: > Run with --stacktrace option to get the stack trace. > Run with --info or --debug option to get more log output. > Run with --scan to get full insights. FRONTEND.md README.md SETUP.md assumptions.md assumptions.pdf build build.gradle config_template.json credits.md d_advanced1Save.game.dat d_advancedSave.game.dat d_advancedSaveOnce.game.dat d_advancedSaveTwice.game.dat d_boulderPushSave.game.dat d_doorsKeysSave.game.dat d_invincibilityPotionTestSave.game.dat d_invisibilityPotionTestSave.game.dat d_m3EntitiesSave.game.dat d_mazeSave.game.dat d_saveInventoryTest.game.dat d_saveLoadInventoryTest.game.dat d_swampSave.game.dat d_timeTravelEntitiesSave.game.dat design.pdf design_milestone_1+2.pdf design_milestone_1.pdf extract_coverage.sh gradle gradlew gradlew.bat images planning.pdf planning_milestone_1+2.pdf setup src testing.md testing.pdf timeTest.game.dat Get more help at https://help.gradle.org BUILD FAILED in 3s

Test 20-3: Test complex logic switches with AND light bulb
LogicGatesTest > Test complex logic switches with AND light bulb FAILED org.opentest4j.AssertionFailedError: expected: <1> but was: <0> at app//org.junit.jupiter.api.AssertionUtils.fail(AssertionUtils.java:55) at app//org.junit.jupiter.api.AssertionUtils.failNotEqual(AssertionUtils.java:62) at app//org.junit.jupiter.api.AssertEquals.assertEquals(AssertEquals.java:150) at app//org.junit.jupiter.api.AssertEquals.assertEquals(AssertEquals.java:145) at app//org.junit.jupiter.api.Assertions.assertEquals(Assertions.java:527) at app//dungeonmania.automarkingM3.LogicGatesTest.LightBulbAnd(LogicGatesTest.java:89) FAILURE DONE 1 test completed, 1 failed FAILURE: Build failed with an exception. FRONTEND.md README.md SETUP.md assumptions.md assumptions.pdf build build.gradle config_template.json credits.md d_advanced1Save.game.dat d_advancedSave.game.dat d_advancedSaveOnce.game.dat d_advancedSaveTwice.game.dat d_boulderPushSave.game.dat d_doorsKeysSave.game.dat d_invincibilityPotionTestSave.game.dat d_invisibilityPotionTestSave.game.dat d_m3EntitiesSave.game.dat d_mazeSave.game.dat d_saveInventoryTest.game.dat d_saveLoadInventoryTest.game.dat d_swampSave.game.dat d_timeTravelEntitiesSave.game.dat design.pdf design_milestone_1+2.pdf design_milestone_1.pdf extract_coverage.sh gradle gradlew gradlew.bat images planning.pdf planning_milestone_1+2.pdf setup src testing.md testing.pdf timeTest.game.dat What went wrong: Execution failed for task ':test'. > There were failing tests. See the report at: file:///F12A_ICECREAM/build/reports/tests/test/index.html FRONTEND.md README.md SETUP.md assumptions.md assumptions.pdf build build.gradle config_template.json credits.md d_advanced1Save.game.dat d_advancedSave.game.dat d_advancedSaveOnce.game.dat d_advancedSaveTwice.game.dat d_boulderPushSave.game.dat d_doorsKeysSave.game.dat d_invincibilityPotionTestSave.game.dat d_invisibilityPotionTestSave.game.dat d_m3EntitiesSave.game.dat d_mazeSave.game.dat d_saveInventoryTest.game.dat d_saveLoadInventoryTest.game.dat d_swampSave.game.dat d_timeTravelEntitiesSave.game.dat design.pdf design_milestone_1+2.pdf design_milestone_1.pdf extract_coverage.sh gradle gradlew gradlew.bat images planning.pdf planning_milestone_1+2.pdf setup src testing.md testing.pdf timeTest.game.dat Try: > Run with --stacktrace option to get the stack trace. > Run with --info or --debug option to get more log output. > Run with --scan to get full insights. FRONTEND.md README.md SETUP.md assumptions.md assumptions.pdf build build.gradle config_template.json credits.md d_advanced1Save.game.dat d_advancedSave.game.dat d_advancedSaveOnce.game.dat d_advancedSaveTwice.game.dat d_boulderPushSave.game.dat d_doorsKeysSave.game.dat d_invincibilityPotionTestSave.game.dat d_invisibilityPotionTestSave.game.dat d_m3EntitiesSave.game.dat d_mazeSave.game.dat d_saveInventoryTest.game.dat d_saveLoadInventoryTest.game.dat d_swampSave.game.dat d_timeTravelEntitiesSave.game.dat design.pdf design_milestone_1+2.pdf design_milestone_1.pdf extract_coverage.sh gradle gradlew gradlew.bat images planning.pdf planning_milestone_1+2.pdf setup src testing.md testing.pdf timeTest.game.dat Get more help at https://help.gradle.org BUILD FAILED in 3s

Test 20-4: Test complex logic switches with XOR light bulb
LogicGatesTest > Test complex logic switches with XOR light bulb FAILED org.opentest4j.AssertionFailedError: expected: <1> but was: <0> at app//org.junit.jupiter.api.AssertionUtils.fail(AssertionUtils.java:55) at app//org.junit.jupiter.api.AssertionUtils.failNotEqual(AssertionUtils.java:62) at app//org.junit.jupiter.api.AssertEquals.assertEquals(AssertEquals.java:150) at app//org.junit.jupiter.api.AssertEquals.assertEquals(AssertEquals.java:145) at app//org.junit.jupiter.api.Assertions.assertEquals(Assertions.java:527) at app//dungeonmania.automarkingM3.LogicGatesTest.LightBulbXor(LogicGatesTest.java:116) FAILURE DONE 1 test completed, 1 failed FAILURE: Build failed with an exception. FRONTEND.md README.md SETUP.md assumptions.md assumptions.pdf build build.gradle config_template.json credits.md d_advanced1Save.game.dat d_advancedSave.game.dat d_advancedSaveOnce.game.dat d_advancedSaveTwice.game.dat d_boulderPushSave.game.dat d_doorsKeysSave.game.dat d_invincibilityPotionTestSave.game.dat d_invisibilityPotionTestSave.game.dat d_m3EntitiesSave.game.dat d_mazeSave.game.dat d_saveInventoryTest.game.dat d_saveLoadInventoryTest.game.dat d_swampSave.game.dat d_timeTravelEntitiesSave.game.dat design.pdf design_milestone_1+2.pdf design_milestone_1.pdf extract_coverage.sh gradle gradlew gradlew.bat images planning.pdf planning_milestone_1+2.pdf setup src testing.md testing.pdf timeTest.game.dat What went wrong: Execution failed for task ':test'. > There were failing tests. See the report at: file:///F12A_ICECREAM/build/reports/tests/test/index.html FRONTEND.md README.md SETUP.md assumptions.md assumptions.pdf build build.gradle config_template.json credits.md d_advanced1Save.game.dat d_advancedSave.game.dat d_advancedSaveOnce.game.dat d_advancedSaveTwice.game.dat d_boulderPushSave.game.dat d_doorsKeysSave.game.dat d_invincibilityPotionTestSave.game.dat d_invisibilityPotionTestSave.game.dat d_m3EntitiesSave.game.dat d_mazeSave.game.dat d_saveInventoryTest.game.dat d_saveLoadInventoryTest.game.dat d_swampSave.game.dat d_timeTravelEntitiesSave.game.dat design.pdf design_milestone_1+2.pdf design_milestone_1.pdf extract_coverage.sh gradle gradlew gradlew.bat images planning.pdf planning_milestone_1+2.pdf setup src testing.md testing.pdf timeTest.game.dat Try: > Run with --stacktrace option to get the stack trace. > Run with --info or --debug option to get more log output. > Run with --scan to get full insights. FRONTEND.md README.md SETUP.md assumptions.md assumptions.pdf build build.gradle config_template.json credits.md d_advanced1Save.game.dat d_advancedSave.game.dat d_advancedSaveOnce.game.dat d_advancedSaveTwice.game.dat d_boulderPushSave.game.dat d_doorsKeysSave.game.dat d_invincibilityPotionTestSave.game.dat d_invisibilityPotionTestSave.game.dat d_m3EntitiesSave.game.dat d_mazeSave.game.dat d_saveInventoryTest.game.dat d_saveLoadInventoryTest.game.dat d_swampSave.game.dat d_timeTravelEntitiesSave.game.dat design.pdf design_milestone_1+2.pdf design_milestone_1.pdf extract_coverage.sh gradle gradlew gradlew.bat images planning.pdf planning_milestone_1+2.pdf setup src testing.md testing.pdf timeTest.game.dat Get more help at https://help.gradle.org BUILD FAILED in 3s

Test 20-5: Test complex logic switches with CO_AND light bulb
LogicGatesTest > Test complex logic switches with CO_AND light bulb FAILED org.opentest4j.AssertionFailedError: expected: <1> but was: <0> at app//org.junit.jupiter.api.AssertionUtils.fail(AssertionUtils.java:55) at app//org.junit.jupiter.api.AssertionUtils.failNotEqual(AssertionUtils.java:62) at app//org.junit.jupiter.api.AssertEquals.assertEquals(AssertEquals.java:150) at app//org.junit.jupiter.api.AssertEquals.assertEquals(AssertEquals.java:145) at app//org.junit.jupiter.api.Assertions.assertEquals(Assertions.java:527) at app//dungeonmania.automarkingM3.LogicGatesTest.LightBulbCoAnd(LogicGatesTest.java:136) FAILURE DONE 1 test completed, 1 failed FAILURE: Build failed with an exception. FRONTEND.md README.md SETUP.md assumptions.md assumptions.pdf build build.gradle config_template.json credits.md d_advanced1Save.game.dat d_advancedSave.game.dat d_advancedSaveOnce.game.dat d_advancedSaveTwice.game.dat d_boulderPushSave.game.dat d_doorsKeysSave.game.dat d_invincibilityPotionTestSave.game.dat d_invisibilityPotionTestSave.game.dat d_m3EntitiesSave.game.dat d_mazeSave.game.dat d_saveInventoryTest.game.dat d_saveLoadInventoryTest.game.dat d_swampSave.game.dat d_timeTravelEntitiesSave.game.dat design.pdf design_milestone_1+2.pdf design_milestone_1.pdf extract_coverage.sh gradle gradlew gradlew.bat images planning.pdf planning_milestone_1+2.pdf setup src testing.md testing.pdf timeTest.game.dat What went wrong: Execution failed for task ':test'. > There were failing tests. See the report at: file:///F12A_ICECREAM/build/reports/tests/test/index.html FRONTEND.md README.md SETUP.md assumptions.md assumptions.pdf build build.gradle config_template.json credits.md d_advanced1Save.game.dat d_advancedSave.game.dat d_advancedSaveOnce.game.dat d_advancedSaveTwice.game.dat d_boulderPushSave.game.dat d_doorsKeysSave.game.dat d_invincibilityPotionTestSave.game.dat d_invisibilityPotionTestSave.game.dat d_m3EntitiesSave.game.dat d_mazeSave.game.dat d_saveInventoryTest.game.dat d_saveLoadInventoryTest.game.dat d_swampSave.game.dat d_timeTravelEntitiesSave.game.dat design.pdf design_milestone_1+2.pdf design_milestone_1.pdf extract_coverage.sh gradle gradlew gradlew.bat images planning.pdf planning_milestone_1+2.pdf setup src testing.md testing.pdf timeTest.game.dat Try: > Run with --stacktrace option to get the stack trace. > Run with --info or --debug option to get more log output. > Run with --scan to get full insights. FRONTEND.md README.md SETUP.md assumptions.md assumptions.pdf build build.gradle config_template.json credits.md d_advanced1Save.game.dat d_advancedSave.game.dat d_advancedSaveOnce.game.dat d_advancedSaveTwice.game.dat d_boulderPushSave.game.dat d_doorsKeysSave.game.dat d_invincibilityPotionTestSave.game.dat d_invisibilityPotionTestSave.game.dat d_m3EntitiesSave.game.dat d_mazeSave.game.dat d_saveInventoryTest.game.dat d_saveLoadInventoryTest.game.dat d_swampSave.game.dat d_timeTravelEntitiesSave.game.dat design.pdf design_milestone_1+2.pdf design_milestone_1.pdf extract_coverage.sh gradle gradlew gradlew.bat images planning.pdf planning_milestone_1+2.pdf setup src testing.md testing.pdf timeTest.game.dat Get more help at https://help.gradle.org BUILD FAILED in 3s

Test 20-6: Test opening a switch door
LogicGatesTest > Test opening a switch door FAILED org.opentest4j.AssertionFailedError: expected: <Position [x=2, y=2, z=0]> but was: <Position [x=3, y=2, z=0]> at app//org.junit.jupiter.api.AssertionUtils.fail(AssertionUtils.java:55) at app//org.junit.jupiter.api.AssertionUtils.failNotEqual(AssertionUtils.java:62) at app//org.junit.jupiter.api.AssertEquals.assertEquals(AssertEquals.java:182) at app//org.junit.jupiter.api.AssertEquals.assertEquals(AssertEquals.java:177) at app//org.junit.jupiter.api.Assertions.assertEquals(Assertions.java:1141) at app//dungeonmania.automarkingM3.LogicGatesTest.SwitchDoor(LogicGatesTest.java:160) FAILURE DONE 1 test completed, 1 failed FAILURE: Build failed with an exception. FRONTEND.md README.md SETUP.md assumptions.md assumptions.pdf build build.gradle config_template.json credits.md d_advanced1Save.game.dat d_advancedSave.game.dat d_advancedSaveOnce.game.dat d_advancedSaveTwice.game.dat d_boulderPushSave.game.dat d_doorsKeysSave.game.dat d_invincibilityPotionTestSave.game.dat d_invisibilityPotionTestSave.game.dat d_m3EntitiesSave.game.dat d_mazeSave.game.dat d_saveInventoryTest.game.dat d_saveLoadInventoryTest.game.dat d_swampSave.game.dat d_timeTravelEntitiesSave.game.dat design.pdf design_milestone_1+2.pdf design_milestone_1.pdf extract_coverage.sh gradle gradlew gradlew.bat images planning.pdf planning_milestone_1+2.pdf setup src testing.md testing.pdf timeTest.game.dat What went wrong: Execution failed for task ':test'. > There were failing tests. See the report at: file:///F12A_ICECREAM/build/reports/tests/test/index.html FRONTEND.md README.md SETUP.md assumptions.md assumptions.pdf build build.gradle config_template.json credits.md d_advanced1Save.game.dat d_advancedSave.game.dat d_advancedSaveOnce.game.dat d_advancedSaveTwice.game.dat d_boulderPushSave.game.dat d_doorsKeysSave.game.dat d_invincibilityPotionTestSave.game.dat d_invisibilityPotionTestSave.game.dat d_m3EntitiesSave.game.dat d_mazeSave.game.dat d_saveInventoryTest.game.dat d_saveLoadInventoryTest.game.dat d_swampSave.game.dat d_timeTravelEntitiesSave.game.dat design.pdf design_milestone_1+2.pdf design_milestone_1.pdf extract_coverage.sh gradle gradlew gradlew.bat images planning.pdf planning_milestone_1+2.pdf setup src testing.md testing.pdf timeTest.game.dat Try: > Run with --stacktrace option to get the stack trace. > Run with --info or --debug option to get more log output. > Run with --scan to get full insights. FRONTEND.md README.md SETUP.md assumptions.md assumptions.pdf build build.gradle config_template.json credits.md d_advanced1Save.game.dat d_advancedSave.game.dat d_advancedSaveOnce.game.dat d_advancedSaveTwice.game.dat d_boulderPushSave.game.dat d_doorsKeysSave.game.dat d_invincibilityPotionTestSave.game.dat d_invisibilityPotionTestSave.game.dat d_m3EntitiesSave.game.dat d_mazeSave.game.dat d_saveInventoryTest.game.dat d_saveLoadInventoryTest.game.dat d_swampSave.game.dat d_timeTravelEntitiesSave.game.dat design.pdf design_milestone_1+2.pdf design_milestone_1.pdf extract_coverage.sh gradle gradlew gradlew.bat images planning.pdf planning_milestone_1+2.pdf setup src testing.md testing.pdf timeTest.game.dat Get more help at https://help.gradle.org BUILD FAILED in 3s

Test 20-7: Test an XOR switch door does not remain open
LogicGatesTest > Test an XOR switch door does not remain open FAILED org.opentest4j.AssertionFailedError: expected: <Position [x=2, y=2, z=0]> but was: <Position [x=3, y=2, z=0]> at app//org.junit.jupiter.api.AssertionUtils.fail(AssertionUtils.java:55) at app//org.junit.jupiter.api.AssertionUtils.failNotEqual(AssertionUtils.java:62) at app//org.junit.jupiter.api.AssertEquals.assertEquals(AssertEquals.java:182) at app//org.junit.jupiter.api.AssertEquals.assertEquals(AssertEquals.java:177) at app//org.junit.jupiter.api.Assertions.assertEquals(Assertions.java:1141) at app//dungeonmania.automarkingM3.LogicGatesTest.SwitchDoorCloses(LogicGatesTest.java:191) FAILURE DONE 1 test completed, 1 failed FAILURE: Build failed with an exception. FRONTEND.md README.md SETUP.md assumptions.md assumptions.pdf build build.gradle config_template.json credits.md d_advanced1Save.game.dat d_advancedSave.game.dat d_advancedSaveOnce.game.dat d_advancedSaveTwice.game.dat d_boulderPushSave.game.dat d_doorsKeysSave.game.dat d_invincibilityPotionTestSave.game.dat d_invisibilityPotionTestSave.game.dat d_m3EntitiesSave.game.dat d_mazeSave.game.dat d_saveInventoryTest.game.dat d_saveLoadInventoryTest.game.dat d_swampSave.game.dat d_timeTravelEntitiesSave.game.dat design.pdf design_milestone_1+2.pdf design_milestone_1.pdf extract_coverage.sh gradle gradlew gradlew.bat images planning.pdf planning_milestone_1+2.pdf setup src testing.md testing.pdf timeTest.game.dat What went wrong: Execution failed for task ':test'. > There were failing tests. See the report at: file:///F12A_ICECREAM/build/reports/tests/test/index.html FRONTEND.md README.md SETUP.md assumptions.md assumptions.pdf build build.gradle config_template.json credits.md d_advanced1Save.game.dat d_advancedSave.game.dat d_advancedSaveOnce.game.dat d_advancedSaveTwice.game.dat d_boulderPushSave.game.dat d_doorsKeysSave.game.dat d_invincibilityPotionTestSave.game.dat d_invisibilityPotionTestSave.game.dat d_m3EntitiesSave.game.dat d_mazeSave.game.dat d_saveInventoryTest.game.dat d_saveLoadInventoryTest.game.dat d_swampSave.game.dat d_timeTravelEntitiesSave.game.dat design.pdf design_milestone_1+2.pdf design_milestone_1.pdf extract_coverage.sh gradle gradlew gradlew.bat images planning.pdf planning_milestone_1+2.pdf setup src testing.md testing.pdf timeTest.game.dat Try: > Run with --stacktrace option to get the stack trace. > Run with --info or --debug option to get more log output. > Run with --scan to get full insights. FRONTEND.md README.md SETUP.md assumptions.md assumptions.pdf build build.gradle config_template.json credits.md d_advanced1Save.game.dat d_advancedSave.game.dat d_advancedSaveOnce.game.dat d_advancedSaveTwice.game.dat d_boulderPushSave.game.dat d_doorsKeysSave.game.dat d_invincibilityPotionTestSave.game.dat d_invisibilityPotionTestSave.game.dat d_m3EntitiesSave.game.dat d_mazeSave.game.dat d_saveInventoryTest.game.dat d_saveLoadInventoryTest.game.dat d_swampSave.game.dat d_timeTravelEntitiesSave.game.dat design.pdf design_milestone_1+2.pdf design_milestone_1.pdf extract_coverage.sh gradle gradlew gradlew.bat images planning.pdf planning_milestone_1+2.pdf setup src testing.md testing.pdf timeTest.game.dat Get more help at https://help.gradle.org BUILD FAILED in 3s

Test 20-8: Test activating one switch actives and interconnected Or Switch
LogicGatesTest > Test activating one switch actives and interconnected Or Switch FAILED org.opentest4j.AssertionFailedError: expected: <1> but was: <0> at app//org.junit.jupiter.api.AssertionUtils.fail(AssertionUtils.java:55) at app//org.junit.jupiter.api.AssertionUtils.failNotEqual(AssertionUtils.java:62) at app//org.junit.jupiter.api.AssertEquals.assertEquals(AssertEquals.java:150) at app//org.junit.jupiter.api.AssertEquals.assertEquals(AssertEquals.java:145) at app//org.junit.jupiter.api.Assertions.assertEquals(Assertions.java:527) at app//dungeonmania.automarkingM3.LogicGatesTest.ActivateOrSwitch(LogicGatesTest.java:226) FAILURE DONE 1 test completed, 1 failed FAILURE: Build failed with an exception. FRONTEND.md README.md SETUP.md assumptions.md assumptions.pdf build build.gradle config_template.json credits.md d_advanced1Save.game.dat d_advancedSave.game.dat d_advancedSaveOnce.game.dat d_advancedSaveTwice.game.dat d_boulderPushSave.game.dat d_doorsKeysSave.game.dat d_invincibilityPotionTestSave.game.dat d_invisibilityPotionTestSave.game.dat d_m3EntitiesSave.game.dat d_mazeSave.game.dat d_saveInventoryTest.game.dat d_saveLoadInventoryTest.game.dat d_swampSave.game.dat d_timeTravelEntitiesSave.game.dat design.pdf design_milestone_1+2.pdf design_milestone_1.pdf extract_coverage.sh gradle gradlew gradlew.bat images planning.pdf planning_milestone_1+2.pdf setup src testing.md testing.pdf timeTest.game.dat What went wrong: Execution failed for task ':test'. > There were failing tests. See the report at: file:///F12A_ICECREAM/build/reports/tests/test/index.html FRONTEND.md README.md SETUP.md assumptions.md assumptions.pdf build build.gradle config_template.json credits.md d_advanced1Save.game.dat d_advancedSave.game.dat d_advancedSaveOnce.game.dat d_advancedSaveTwice.game.dat d_boulderPushSave.game.dat d_doorsKeysSave.game.dat d_invincibilityPotionTestSave.game.dat d_invisibilityPotionTestSave.game.dat d_m3EntitiesSave.game.dat d_mazeSave.game.dat d_saveInventoryTest.game.dat d_saveLoadInventoryTest.game.dat d_swampSave.game.dat d_timeTravelEntitiesSave.game.dat design.pdf design_milestone_1+2.pdf design_milestone_1.pdf extract_coverage.sh gradle gradlew gradlew.bat images planning.pdf planning_milestone_1+2.pdf setup src testing.md testing.pdf timeTest.game.dat Try: > Run with --stacktrace option to get the stack trace. > Run with --info or --debug option to get more log output. > Run with --scan to get full insights. FRONTEND.md README.md SETUP.md assumptions.md assumptions.pdf build build.gradle config_template.json credits.md d_advanced1Save.game.dat d_advancedSave.game.dat d_advancedSaveOnce.game.dat d_advancedSaveTwice.game.dat d_boulderPushSave.game.dat d_doorsKeysSave.game.dat d_invincibilityPotionTestSave.game.dat d_invisibilityPotionTestSave.game.dat d_m3EntitiesSave.game.dat d_mazeSave.game.dat d_saveInventoryTest.game.dat d_saveLoadInventoryTest.game.dat d_swampSave.game.dat d_timeTravelEntitiesSave.game.dat design.pdf design_milestone_1+2.pdf design_milestone_1.pdf extract_coverage.sh gradle gradlew gradlew.bat images planning.pdf planning_milestone_1+2.pdf setup src testing.md testing.pdf timeTest.game.dat Get more help at https://help.gradle.org BUILD FAILED in 6s

21. Dungeon Generation

Test 21-1: Testing dungeon generation throws exception with invalid config file
GenerateTest > Testing dungeon generation throws exception with invalid config file FAILED org.opentest4j.AssertionFailedError: Unexpected exception type thrown ==> expected: <java.lang.reflect.InvocationTargetException> but was: <java.lang.RuntimeException> at app//org.junit.jupiter.api.AssertThrows.assertThrows(AssertThrows.java:65) at app//org.junit.jupiter.api.AssertThrows.assertThrows(AssertThrows.java:37) at app//org.junit.jupiter.api.Assertions.assertThrows(Assertions.java:3082) at app//dungeonmania.automarkingM3.GenerateTest.testGenerateInvalidConfig(GenerateTest.java:62) Caused by: java.lang.RuntimeException: generateDungeon(int, int, int, int, string) doesn't exist at dungeonmania.automarkingM3.GenerateTest.genDungeon(GenerateTest.java:47) at dungeonmania.automarkingM3.GenerateTest.lambda$testGenerateInvalidConfig$0(GenerateTest.java:62) at org.junit.jupiter.api.AssertThrows.assertThrows(AssertThrows.java:55) ... 3 more FAILURE DONE 1 test completed, 1 failed FAILURE: Build failed with an exception. FRONTEND.md README.md SETUP.md assumptions.md assumptions.pdf build build.gradle config_template.json credits.md d_advanced1Save.game.dat d_advancedSave.game.dat d_advancedSaveOnce.game.dat d_advancedSaveTwice.game.dat d_boulderPushSave.game.dat d_doorsKeysSave.game.dat d_invincibilityPotionTestSave.game.dat d_invisibilityPotionTestSave.game.dat d_m3EntitiesSave.game.dat d_mazeSave.game.dat d_saveInventoryTest.game.dat d_saveLoadInventoryTest.game.dat d_swampSave.game.dat d_timeTravelEntitiesSave.game.dat design.pdf design_milestone_1+2.pdf design_milestone_1.pdf extract_coverage.sh gradle gradlew gradlew.bat images planning.pdf planning_milestone_1+2.pdf setup src testing.md testing.pdf timeTest.game.dat What went wrong: Execution failed for task ':test'. > There were failing tests. See the report at: file:///F12A_ICECREAM/build/reports/tests/test/index.html FRONTEND.md README.md SETUP.md assumptions.md assumptions.pdf build build.gradle config_template.json credits.md d_advanced1Save.game.dat d_advancedSave.game.dat d_advancedSaveOnce.game.dat d_advancedSaveTwice.game.dat d_boulderPushSave.game.dat d_doorsKeysSave.game.dat d_invincibilityPotionTestSave.game.dat d_invisibilityPotionTestSave.game.dat d_m3EntitiesSave.game.dat d_mazeSave.game.dat d_saveInventoryTest.game.dat d_saveLoadInventoryTest.game.dat d_swampSave.game.dat d_timeTravelEntitiesSave.game.dat design.pdf design_milestone_1+2.pdf design_milestone_1.pdf extract_coverage.sh gradle gradlew gradlew.bat images planning.pdf planning_milestone_1+2.pdf setup src testing.md testing.pdf timeTest.game.dat Try: > Run with --stacktrace option to get the stack trace. > Run with --info or --debug option to get more log output. > Run with --scan to get full insights. FRONTEND.md README.md SETUP.md assumptions.md assumptions.pdf build build.gradle config_template.json credits.md d_advanced1Save.game.dat d_advancedSave.game.dat d_advancedSaveOnce.game.dat d_advancedSaveTwice.game.dat d_boulderPushSave.game.dat d_doorsKeysSave.game.dat d_invincibilityPotionTestSave.game.dat d_invisibilityPotionTestSave.game.dat d_m3EntitiesSave.game.dat d_mazeSave.game.dat d_saveInventoryTest.game.dat d_saveLoadInventoryTest.game.dat d_swampSave.game.dat d_timeTravelEntitiesSave.game.dat design.pdf design_milestone_1+2.pdf design_milestone_1.pdf extract_coverage.sh gradle gradlew gradlew.bat images planning.pdf planning_milestone_1+2.pdf setup src testing.md testing.pdf timeTest.game.dat Get more help at https://help.gradle.org BUILD FAILED in 4s

Test 21-2: Testing dungeon generation creates reasonable proportion of walls
GenerateTest > Testing dungeon generation creates reasonable proportion of walls > dungeonmania.automarkingM3.GenerateTest.testGenerateDungeon(int, int, int, int)[1] FAILED java.lang.RuntimeException: generateDungeon(int, int, int, int, string) doesn't exist at dungeonmania.automarkingM3.GenerateTest.genDungeon(GenerateTest.java:47) at dungeonmania.automarkingM3.GenerateTest.genDungeon(GenerateTest.java:34) at dungeonmania.automarkingM3.GenerateTest.genDungeon(GenerateTest.java:55) at dungeonmania.automarkingM3.GenerateTest.testGenerateDungeon(GenerateTest.java:70) GenerateTest > Testing dungeon generation creates reasonable proportion of walls > dungeonmania.automarkingM3.GenerateTest.testGenerateDungeon(int, int, int, int)[2] FAILED java.lang.RuntimeException: generateDungeon(int, int, int, int, string) doesn't exist at dungeonmania.automarkingM3.GenerateTest.genDungeon(GenerateTest.java:47) at dungeonmania.automarkingM3.GenerateTest.genDungeon(GenerateTest.java:34) at dungeonmania.automarkingM3.GenerateTest.genDungeon(GenerateTest.java:55) at dungeonmania.automarkingM3.GenerateTest.testGenerateDungeon(GenerateTest.java:70) GenerateTest > Testing dungeon generation creates reasonable proportion of walls > dungeonmania.automarkingM3.GenerateTest.testGenerateDungeon(int, int, int, int)[3] FAILED java.lang.RuntimeException: generateDungeon(int, int, int, int, string) doesn't exist at dungeonmania.automarkingM3.GenerateTest.genDungeon(GenerateTest.java:47) at dungeonmania.automarkingM3.GenerateTest.genDungeon(GenerateTest.java:34) at dungeonmania.automarkingM3.GenerateTest.genDungeon(GenerateTest.java:55) at dungeonmania.automarkingM3.GenerateTest.testGenerateDungeon(GenerateTest.java:70) FAILURE DONE 3 tests completed, 3 failed FAILURE: Build failed with an exception. FRONTEND.md README.md SETUP.md assumptions.md assumptions.pdf build build.gradle config_template.json credits.md d_advanced1Save.game.dat d_advancedSave.game.dat d_advancedSaveOnce.game.dat d_advancedSaveTwice.game.dat d_boulderPushSave.game.dat d_doorsKeysSave.game.dat d_invincibilityPotionTestSave.game.dat d_invisibilityPotionTestSave.game.dat d_m3EntitiesSave.game.dat d_mazeSave.game.dat d_saveInventoryTest.game.dat d_saveLoadInventoryTest.game.dat d_swampSave.game.dat d_timeTravelEntitiesSave.game.dat design.pdf design_milestone_1+2.pdf design_milestone_1.pdf extract_coverage.sh gradle gradlew gradlew.bat images planning.pdf planning_milestone_1+2.pdf setup src testing.md testing.pdf timeTest.game.dat What went wrong: Execution failed for task ':test'. > There were failing tests. See the report at: file:///F12A_ICECREAM/build/reports/tests/test/index.html FRONTEND.md README.md SETUP.md assumptions.md assumptions.pdf build build.gradle config_template.json credits.md d_advanced1Save.game.dat d_advancedSave.game.dat d_advancedSaveOnce.game.dat d_advancedSaveTwice.game.dat d_boulderPushSave.game.dat d_doorsKeysSave.game.dat d_invincibilityPotionTestSave.game.dat d_invisibilityPotionTestSave.game.dat d_m3EntitiesSave.game.dat d_mazeSave.game.dat d_saveInventoryTest.game.dat d_saveLoadInventoryTest.game.dat d_swampSave.game.dat d_timeTravelEntitiesSave.game.dat design.pdf design_milestone_1+2.pdf design_milestone_1.pdf extract_coverage.sh gradle gradlew gradlew.bat images planning.pdf planning_milestone_1+2.pdf setup src testing.md testing.pdf timeTest.game.dat Try: > Run with --stacktrace option to get the stack trace. > Run with --info or --debug option to get more log output. > Run with --scan to get full insights. FRONTEND.md README.md SETUP.md assumptions.md assumptions.pdf build build.gradle config_template.json credits.md d_advanced1Save.game.dat d_advancedSave.game.dat d_advancedSaveOnce.game.dat d_advancedSaveTwice.game.dat d_boulderPushSave.game.dat d_doorsKeysSave.game.dat d_invincibilityPotionTestSave.game.dat d_invisibilityPotionTestSave.game.dat d_m3EntitiesSave.game.dat d_mazeSave.game.dat d_saveInventoryTest.game.dat d_saveLoadInventoryTest.game.dat d_swampSave.game.dat d_timeTravelEntitiesSave.game.dat design.pdf design_milestone_1+2.pdf design_milestone_1.pdf extract_coverage.sh gradle gradlew gradlew.bat images planning.pdf planning_milestone_1+2.pdf setup src testing.md testing.pdf timeTest.game.dat Get more help at https://help.gradle.org BUILD FAILED in 4s

Test 21-3: Testing generated dungeons are solvable
GenerateTest > Testing generated dungeons are solvable > dungeonmania.automarkingM3.GenerateTest.testGeneratedDungeonPath(int, int, int, int)[1] FAILED java.lang.RuntimeException: generateDungeon(int, int, int, int, string) doesn't exist at dungeonmania.automarkingM3.GenerateTest.genDungeon(GenerateTest.java:47) at dungeonmania.automarkingM3.GenerateTest.genDungeon(GenerateTest.java:34) at dungeonmania.automarkingM3.GenerateTest.genDungeon(GenerateTest.java:55) at dungeonmania.automarkingM3.GenerateTest.testGeneratedDungeonPath(GenerateTest.java:97) GenerateTest > Testing generated dungeons are solvable > dungeonmania.automarkingM3.GenerateTest.testGeneratedDungeonPath(int, int, int, int)[2] FAILED java.lang.RuntimeException: generateDungeon(int, int, int, int, string) doesn't exist at dungeonmania.automarkingM3.GenerateTest.genDungeon(GenerateTest.java:47) at dungeonmania.automarkingM3.GenerateTest.genDungeon(GenerateTest.java:34) at dungeonmania.automarkingM3.GenerateTest.genDungeon(GenerateTest.java:55) at dungeonmania.automarkingM3.GenerateTest.testGeneratedDungeonPath(GenerateTest.java:97) GenerateTest > Testing generated dungeons are solvable > dungeonmania.automarkingM3.GenerateTest.testGeneratedDungeonPath(int, int, int, int)[3] FAILED java.lang.RuntimeException: generateDungeon(int, int, int, int, string) doesn't exist at dungeonmania.automarkingM3.GenerateTest.genDungeon(GenerateTest.java:47) at dungeonmania.automarkingM3.GenerateTest.genDungeon(GenerateTest.java:34) at dungeonmania.automarkingM3.GenerateTest.genDungeon(GenerateTest.java:55) at dungeonmania.automarkingM3.GenerateTest.testGeneratedDungeonPath(GenerateTest.java:97) FAILURE DONE 3 tests completed, 3 failed FAILURE: Build failed with an exception. FRONTEND.md README.md SETUP.md assumptions.md assumptions.pdf build build.gradle config_template.json credits.md d_advanced1Save.game.dat d_advancedSave.game.dat d_advancedSaveOnce.game.dat d_advancedSaveTwice.game.dat d_boulderPushSave.game.dat d_doorsKeysSave.game.dat d_invincibilityPotionTestSave.game.dat d_invisibilityPotionTestSave.game.dat d_m3EntitiesSave.game.dat d_mazeSave.game.dat d_saveInventoryTest.game.dat d_saveLoadInventoryTest.game.dat d_swampSave.game.dat d_timeTravelEntitiesSave.game.dat design.pdf design_milestone_1+2.pdf design_milestone_1.pdf extract_coverage.sh gradle gradlew gradlew.bat images planning.pdf planning_milestone_1+2.pdf setup src testing.md testing.pdf timeTest.game.dat What went wrong: Execution failed for task ':test'. > There were failing tests. See the report at: file:///F12A_ICECREAM/build/reports/tests/test/index.html FRONTEND.md README.md SETUP.md assumptions.md assumptions.pdf build build.gradle config_template.json credits.md d_advanced1Save.game.dat d_advancedSave.game.dat d_advancedSaveOnce.game.dat d_advancedSaveTwice.game.dat d_boulderPushSave.game.dat d_doorsKeysSave.game.dat d_invincibilityPotionTestSave.game.dat d_invisibilityPotionTestSave.game.dat d_m3EntitiesSave.game.dat d_mazeSave.game.dat d_saveInventoryTest.game.dat d_saveLoadInventoryTest.game.dat d_swampSave.game.dat d_timeTravelEntitiesSave.game.dat design.pdf design_milestone_1+2.pdf design_milestone_1.pdf extract_coverage.sh gradle gradlew gradlew.bat images planning.pdf planning_milestone_1+2.pdf setup src testing.md testing.pdf timeTest.game.dat Try: > Run with --stacktrace option to get the stack trace. > Run with --info or --debug option to get more log output. > Run with --scan to get full insights. FRONTEND.md README.md SETUP.md assumptions.md assumptions.pdf build build.gradle config_template.json credits.md d_advanced1Save.game.dat d_advancedSave.game.dat d_advancedSaveOnce.game.dat d_advancedSaveTwice.game.dat d_boulderPushSave.game.dat d_doorsKeysSave.game.dat d_invincibilityPotionTestSave.game.dat d_invisibilityPotionTestSave.game.dat d_m3EntitiesSave.game.dat d_mazeSave.game.dat d_saveInventoryTest.game.dat d_saveLoadInventoryTest.game.dat d_swampSave.game.dat d_timeTravelEntitiesSave.game.dat design.pdf design_milestone_1+2.pdf design_milestone_1.pdf extract_coverage.sh gradle gradlew gradlew.bat images planning.pdf planning_milestone_1+2.pdf setup src testing.md testing.pdf timeTest.game.dat Get more help at https://help.gradle.org BUILD FAILED in 4s

Test 21-4: Testing all non-wall grids are reachable
GenerateTest > Testing all non-wall grids are reachable > dungeonmania.automarkingM3.GenerateTest.testGeneratedDungeonReachable(int, int, int, int)[1] FAILED java.lang.RuntimeException: generateDungeon(int, int, int, int, string) doesn't exist at dungeonmania.automarkingM3.GenerateTest.genDungeon(GenerateTest.java:47) at dungeonmania.automarkingM3.GenerateTest.genDungeon(GenerateTest.java:34) at dungeonmania.automarkingM3.GenerateTest.genDungeon(GenerateTest.java:55) at dungeonmania.automarkingM3.GenerateTest.testGeneratedDungeonReachable(GenerateTest.java:109) GenerateTest > Testing all non-wall grids are reachable > dungeonmania.automarkingM3.GenerateTest.testGeneratedDungeonReachable(int, int, int, int)[2] FAILED java.lang.RuntimeException: generateDungeon(int, int, int, int, string) doesn't exist at dungeonmania.automarkingM3.GenerateTest.genDungeon(GenerateTest.java:47) at dungeonmania.automarkingM3.GenerateTest.genDungeon(GenerateTest.java:34) at dungeonmania.automarkingM3.GenerateTest.genDungeon(GenerateTest.java:55) at dungeonmania.automarkingM3.GenerateTest.testGeneratedDungeonReachable(GenerateTest.java:109) GenerateTest > Testing all non-wall grids are reachable > dungeonmania.automarkingM3.GenerateTest.testGeneratedDungeonReachable(int, int, int, int)[3] FAILED java.lang.RuntimeException: generateDungeon(int, int, int, int, string) doesn't exist at dungeonmania.automarkingM3.GenerateTest.genDungeon(GenerateTest.java:47) at dungeonmania.automarkingM3.GenerateTest.genDungeon(GenerateTest.java:34) at dungeonmania.automarkingM3.GenerateTest.genDungeon(GenerateTest.java:55) at dungeonmania.automarkingM3.GenerateTest.testGeneratedDungeonReachable(GenerateTest.java:109) FAILURE DONE 3 tests completed, 3 failed FAILURE: Build failed with an exception. FRONTEND.md README.md SETUP.md assumptions.md assumptions.pdf build build.gradle config_template.json credits.md d_advanced1Save.game.dat d_advancedSave.game.dat d_advancedSaveOnce.game.dat d_advancedSaveTwice.game.dat d_boulderPushSave.game.dat d_doorsKeysSave.game.dat d_invincibilityPotionTestSave.game.dat d_invisibilityPotionTestSave.game.dat d_m3EntitiesSave.game.dat d_mazeSave.game.dat d_saveInventoryTest.game.dat d_saveLoadInventoryTest.game.dat d_swampSave.game.dat d_timeTravelEntitiesSave.game.dat design.pdf design_milestone_1+2.pdf design_milestone_1.pdf extract_coverage.sh gradle gradlew gradlew.bat images planning.pdf planning_milestone_1+2.pdf setup src testing.md testing.pdf timeTest.game.dat What went wrong: Execution failed for task ':test'. > There were failing tests. See the report at: file:///F12A_ICECREAM/build/reports/tests/test/index.html FRONTEND.md README.md SETUP.md assumptions.md assumptions.pdf build build.gradle config_template.json credits.md d_advanced1Save.game.dat d_advancedSave.game.dat d_advancedSaveOnce.game.dat d_advancedSaveTwice.game.dat d_boulderPushSave.game.dat d_doorsKeysSave.game.dat d_invincibilityPotionTestSave.game.dat d_invisibilityPotionTestSave.game.dat d_m3EntitiesSave.game.dat d_mazeSave.game.dat d_saveInventoryTest.game.dat d_saveLoadInventoryTest.game.dat d_swampSave.game.dat d_timeTravelEntitiesSave.game.dat design.pdf design_milestone_1+2.pdf design_milestone_1.pdf extract_coverage.sh gradle gradlew gradlew.bat images planning.pdf planning_milestone_1+2.pdf setup src testing.md testing.pdf timeTest.game.dat Try: > Run with --stacktrace option to get the stack trace. > Run with --info or --debug option to get more log output. > Run with --scan to get full insights. FRONTEND.md README.md SETUP.md assumptions.md assumptions.pdf build build.gradle config_template.json credits.md d_advanced1Save.game.dat d_advancedSave.game.dat d_advancedSaveOnce.game.dat d_advancedSaveTwice.game.dat d_boulderPushSave.game.dat d_doorsKeysSave.game.dat d_invincibilityPotionTestSave.game.dat d_invisibilityPotionTestSave.game.dat d_m3EntitiesSave.game.dat d_mazeSave.game.dat d_saveInventoryTest.game.dat d_saveLoadInventoryTest.game.dat d_swampSave.game.dat d_timeTravelEntitiesSave.game.dat design.pdf design_milestone_1+2.pdf design_milestone_1.pdf extract_coverage.sh gradle gradlew gradlew.bat images planning.pdf planning_milestone_1+2.pdf setup src testing.md testing.pdf timeTest.game.dat Get more help at https://help.gradle.org BUILD FAILED in 4s

Test 21-5: Testing there's a surrounding wall
GenerateTest > Testing there's a surrounding wall > dungeonmania.automarkingM3.GenerateTest.testGeneratedDungeonSurroundingWalls(int, int, int, int)[1] FAILED java.lang.RuntimeException: generateDungeon(int, int, int, int, string) doesn't exist at dungeonmania.automarkingM3.GenerateTest.genDungeon(GenerateTest.java:47) at dungeonmania.automarkingM3.GenerateTest.genDungeon(GenerateTest.java:34) at dungeonmania.automarkingM3.GenerateTest.genDungeon(GenerateTest.java:55) at dungeonmania.automarkingM3.GenerateTest.testGeneratedDungeonSurroundingWalls(GenerateTest.java:130) GenerateTest > Testing there's a surrounding wall > dungeonmania.automarkingM3.GenerateTest.testGeneratedDungeonSurroundingWalls(int, int, int, int)[2] FAILED java.lang.RuntimeException: generateDungeon(int, int, int, int, string) doesn't exist at dungeonmania.automarkingM3.GenerateTest.genDungeon(GenerateTest.java:47) at dungeonmania.automarkingM3.GenerateTest.genDungeon(GenerateTest.java:34) at dungeonmania.automarkingM3.GenerateTest.genDungeon(GenerateTest.java:55) at dungeonmania.automarkingM3.GenerateTest.testGeneratedDungeonSurroundingWalls(GenerateTest.java:130) GenerateTest > Testing there's a surrounding wall > dungeonmania.automarkingM3.GenerateTest.testGeneratedDungeonSurroundingWalls(int, int, int, int)[3] FAILED java.lang.RuntimeException: generateDungeon(int, int, int, int, string) doesn't exist at dungeonmania.automarkingM3.GenerateTest.genDungeon(GenerateTest.java:47) at dungeonmania.automarkingM3.GenerateTest.genDungeon(GenerateTest.java:34) at dungeonmania.automarkingM3.GenerateTest.genDungeon(GenerateTest.java:55) at dungeonmania.automarkingM3.GenerateTest.testGeneratedDungeonSurroundingWalls(GenerateTest.java:130) FAILURE DONE 3 tests completed, 3 failed FAILURE: Build failed with an exception. FRONTEND.md README.md SETUP.md assumptions.md assumptions.pdf build build.gradle config_template.json credits.md d_advanced1Save.game.dat d_advancedSave.game.dat d_advancedSaveOnce.game.dat d_advancedSaveTwice.game.dat d_boulderPushSave.game.dat d_doorsKeysSave.game.dat d_invincibilityPotionTestSave.game.dat d_invisibilityPotionTestSave.game.dat d_m3EntitiesSave.game.dat d_mazeSave.game.dat d_saveInventoryTest.game.dat d_saveLoadInventoryTest.game.dat d_swampSave.game.dat d_timeTravelEntitiesSave.game.dat design.pdf design_milestone_1+2.pdf design_milestone_1.pdf extract_coverage.sh gradle gradlew gradlew.bat images planning.pdf planning_milestone_1+2.pdf setup src testing.md testing.pdf timeTest.game.dat What went wrong: Execution failed for task ':test'. > There were failing tests. See the report at: file:///F12A_ICECREAM/build/reports/tests/test/index.html FRONTEND.md README.md SETUP.md assumptions.md assumptions.pdf build build.gradle config_template.json credits.md d_advanced1Save.game.dat d_advancedSave.game.dat d_advancedSaveOnce.game.dat d_advancedSaveTwice.game.dat d_boulderPushSave.game.dat d_doorsKeysSave.game.dat d_invincibilityPotionTestSave.game.dat d_invisibilityPotionTestSave.game.dat d_m3EntitiesSave.game.dat d_mazeSave.game.dat d_saveInventoryTest.game.dat d_saveLoadInventoryTest.game.dat d_swampSave.game.dat d_timeTravelEntitiesSave.game.dat design.pdf design_milestone_1+2.pdf design_milestone_1.pdf extract_coverage.sh gradle gradlew gradlew.bat images planning.pdf planning_milestone_1+2.pdf setup src testing.md testing.pdf timeTest.game.dat Try: > Run with --stacktrace option to get the stack trace. > Run with --info or --debug option to get more log output. > Run with --scan to get full insights. FRONTEND.md README.md SETUP.md assumptions.md assumptions.pdf build build.gradle config_template.json credits.md d_advanced1Save.game.dat d_advancedSave.game.dat d_advancedSaveOnce.game.dat d_advancedSaveTwice.game.dat d_boulderPushSave.game.dat d_doorsKeysSave.game.dat d_invincibilityPotionTestSave.game.dat d_invisibilityPotionTestSave.game.dat d_m3EntitiesSave.game.dat d_mazeSave.game.dat d_saveInventoryTest.game.dat d_saveLoadInventoryTest.game.dat d_swampSave.game.dat d_timeTravelEntitiesSave.game.dat design.pdf design_milestone_1+2.pdf design_milestone_1.pdf extract_coverage.sh gradle gradlew gradlew.bat images planning.pdf planning_milestone_1+2.pdf setup src testing.md testing.pdf timeTest.game.dat Get more help at https://help.gradle.org BUILD FAILED in 4s

Test 21-6: Testing the generated game can be saved & loaded
GenerateTest > Testing the generated game can be saved & loaded FAILED java.lang.RuntimeException: generateDungeon(int, int, int, int, string) doesn't exist at dungeonmania.automarkingM3.GenerateTest.genDungeon(GenerateTest.java:47) at dungeonmania.automarkingM3.GenerateTest.genDungeon(GenerateTest.java:34) at dungeonmania.automarkingM3.GenerateTest.testGeneratedDungeonSaveAndLoad(GenerateTest.java:153) FAILURE DONE 1 test completed, 1 failed FAILURE: Build failed with an exception. FRONTEND.md README.md SETUP.md assumptions.md assumptions.pdf build build.gradle config_template.json credits.md d_advanced1Save.game.dat d_advancedSave.game.dat d_advancedSaveOnce.game.dat d_advancedSaveTwice.game.dat d_boulderPushSave.game.dat d_doorsKeysSave.game.dat d_invincibilityPotionTestSave.game.dat d_invisibilityPotionTestSave.game.dat d_m3EntitiesSave.game.dat d_mazeSave.game.dat d_saveInventoryTest.game.dat d_saveLoadInventoryTest.game.dat d_swampSave.game.dat d_timeTravelEntitiesSave.game.dat design.pdf design_milestone_1+2.pdf design_milestone_1.pdf extract_coverage.sh gradle gradlew gradlew.bat images planning.pdf planning_milestone_1+2.pdf setup src testing.md testing.pdf timeTest.game.dat What went wrong: Execution failed for task ':test'. > There were failing tests. See the report at: file:///F12A_ICECREAM/build/reports/tests/test/index.html FRONTEND.md README.md SETUP.md assumptions.md assumptions.pdf build build.gradle config_template.json credits.md d_advanced1Save.game.dat d_advancedSave.game.dat d_advancedSaveOnce.game.dat d_advancedSaveTwice.game.dat d_boulderPushSave.game.dat d_doorsKeysSave.game.dat d_invincibilityPotionTestSave.game.dat d_invisibilityPotionTestSave.game.dat d_m3EntitiesSave.game.dat d_mazeSave.game.dat d_saveInventoryTest.game.dat d_saveLoadInventoryTest.game.dat d_swampSave.game.dat d_timeTravelEntitiesSave.game.dat design.pdf design_milestone_1+2.pdf design_milestone_1.pdf extract_coverage.sh gradle gradlew gradlew.bat images planning.pdf planning_milestone_1+2.pdf setup src testing.md testing.pdf timeTest.game.dat Try: > Run with --stacktrace option to get the stack trace. > Run with --info or --debug option to get more log output. > Run with --scan to get full insights. FRONTEND.md README.md SETUP.md assumptions.md assumptions.pdf build build.gradle config_template.json credits.md d_advanced1Save.game.dat d_advancedSave.game.dat d_advancedSaveOnce.game.dat d_advancedSaveTwice.game.dat d_boulderPushSave.game.dat d_doorsKeysSave.game.dat d_invincibilityPotionTestSave.game.dat d_invisibilityPotionTestSave.game.dat d_m3EntitiesSave.game.dat d_mazeSave.game.dat d_saveInventoryTest.game.dat d_saveLoadInventoryTest.game.dat d_swampSave.game.dat d_timeTravelEntitiesSave.game.dat design.pdf design_milestone_1+2.pdf design_milestone_1.pdf extract_coverage.sh gradle gradlew gradlew.bat images planning.pdf planning_milestone_1+2.pdf setup src testing.md testing.pdf timeTest.game.dat Get more help at https://help.gradle.org BUILD FAILED in 3s

Test 21-7: Testing player can win
GenerateTest > Testing player can win FAILED java.lang.RuntimeException: generateDungeon(int, int, int, int, string) doesn't exist at dungeonmania.automarkingM3.GenerateTest.genDungeon(GenerateTest.java:47) at dungeonmania.automarkingM3.GenerateTest.genDungeon(GenerateTest.java:34) at dungeonmania.automarkingM3.GenerateTest.testGeneratedPlayable(GenerateTest.java:171) FAILURE DONE 1 test completed, 1 failed FAILURE: Build failed with an exception. FRONTEND.md README.md SETUP.md assumptions.md assumptions.pdf build build.gradle config_template.json credits.md d_advanced1Save.game.dat d_advancedSave.game.dat d_advancedSaveOnce.game.dat d_advancedSaveTwice.game.dat d_boulderPushSave.game.dat d_doorsKeysSave.game.dat d_invincibilityPotionTestSave.game.dat d_invisibilityPotionTestSave.game.dat d_m3EntitiesSave.game.dat d_mazeSave.game.dat d_saveInventoryTest.game.dat d_saveLoadInventoryTest.game.dat d_swampSave.game.dat d_timeTravelEntitiesSave.game.dat design.pdf design_milestone_1+2.pdf design_milestone_1.pdf extract_coverage.sh gradle gradlew gradlew.bat images planning.pdf planning_milestone_1+2.pdf setup src testing.md testing.pdf timeTest.game.dat What went wrong: Execution failed for task ':test'. > There were failing tests. See the report at: file:///F12A_ICECREAM/build/reports/tests/test/index.html FRONTEND.md README.md SETUP.md assumptions.md assumptions.pdf build build.gradle config_template.json credits.md d_advanced1Save.game.dat d_advancedSave.game.dat d_advancedSaveOnce.game.dat d_advancedSaveTwice.game.dat d_boulderPushSave.game.dat d_doorsKeysSave.game.dat d_invincibilityPotionTestSave.game.dat d_invisibilityPotionTestSave.game.dat d_m3EntitiesSave.game.dat d_mazeSave.game.dat d_saveInventoryTest.game.dat d_saveLoadInventoryTest.game.dat d_swampSave.game.dat d_timeTravelEntitiesSave.game.dat design.pdf design_milestone_1+2.pdf design_milestone_1.pdf extract_coverage.sh gradle gradlew gradlew.bat images planning.pdf planning_milestone_1+2.pdf setup src testing.md testing.pdf timeTest.game.dat Try: > Run with --stacktrace option to get the stack trace. > Run with --info or --debug option to get more log output. > Run with --scan to get full insights. FRONTEND.md README.md SETUP.md assumptions.md assumptions.pdf build build.gradle config_template.json credits.md d_advanced1Save.game.dat d_advancedSave.game.dat d_advancedSaveOnce.game.dat d_advancedSaveTwice.game.dat d_boulderPushSave.game.dat d_doorsKeysSave.game.dat d_invincibilityPotionTestSave.game.dat d_invisibilityPotionTestSave.game.dat d_m3EntitiesSave.game.dat d_mazeSave.game.dat d_saveInventoryTest.game.dat d_saveLoadInventoryTest.game.dat d_swampSave.game.dat d_timeTravelEntitiesSave.game.dat design.pdf design_milestone_1+2.pdf design_milestone_1.pdf extract_coverage.sh gradle gradlew gradlew.bat images planning.pdf planning_milestone_1+2.pdf setup src testing.md testing.pdf timeTest.game.dat Get more help at https://help.gradle.org BUILD FAILED in 3s

Test 21-8: Testing large tests are unlikely to be the same
GenerateTest > Testing large tests are unlikely to be the same FAILED java.lang.RuntimeException: generateDungeon(int, int, int, int, string) doesn't exist at dungeonmania.automarkingM3.GenerateTest.genDungeon(GenerateTest.java:47) at dungeonmania.automarkingM3.GenerateTest.genDungeon(GenerateTest.java:34) at dungeonmania.automarkingM3.GenerateTest.testGeneratedRandom(GenerateTest.java:226) FAILURE DONE 1 test completed, 1 failed FAILURE: Build failed with an exception. FRONTEND.md README.md SETUP.md assumptions.md assumptions.pdf build build.gradle config_template.json credits.md d_advanced1Save.game.dat d_advancedSave.game.dat d_advancedSaveOnce.game.dat d_advancedSaveTwice.game.dat d_boulderPushSave.game.dat d_doorsKeysSave.game.dat d_invincibilityPotionTestSave.game.dat d_invisibilityPotionTestSave.game.dat d_m3EntitiesSave.game.dat d_mazeSave.game.dat d_saveInventoryTest.game.dat d_saveLoadInventoryTest.game.dat d_swampSave.game.dat d_timeTravelEntitiesSave.game.dat design.pdf design_milestone_1+2.pdf design_milestone_1.pdf extract_coverage.sh gradle gradlew gradlew.bat images planning.pdf planning_milestone_1+2.pdf setup src testing.md testing.pdf timeTest.game.dat What went wrong: Execution failed for task ':test'. > There were failing tests. See the report at: file:///F12A_ICECREAM/build/reports/tests/test/index.html FRONTEND.md README.md SETUP.md assumptions.md assumptions.pdf build build.gradle config_template.json credits.md d_advanced1Save.game.dat d_advancedSave.game.dat d_advancedSaveOnce.game.dat d_advancedSaveTwice.game.dat d_boulderPushSave.game.dat d_doorsKeysSave.game.dat d_invincibilityPotionTestSave.game.dat d_invisibilityPotionTestSave.game.dat d_m3EntitiesSave.game.dat d_mazeSave.game.dat d_saveInventoryTest.game.dat d_saveLoadInventoryTest.game.dat d_swampSave.game.dat d_timeTravelEntitiesSave.game.dat design.pdf design_milestone_1+2.pdf design_milestone_1.pdf extract_coverage.sh gradle gradlew gradlew.bat images planning.pdf planning_milestone_1+2.pdf setup src testing.md testing.pdf timeTest.game.dat Try: > Run with --stacktrace option to get the stack trace. > Run with --info or --debug option to get more log output. > Run with --scan to get full insights. FRONTEND.md README.md SETUP.md assumptions.md assumptions.pdf build build.gradle config_template.json credits.md d_advanced1Save.game.dat d_advancedSave.game.dat d_advancedSaveOnce.game.dat d_advancedSaveTwice.game.dat d_boulderPushSave.game.dat d_doorsKeysSave.game.dat d_invincibilityPotionTestSave.game.dat d_invisibilityPotionTestSave.game.dat d_m3EntitiesSave.game.dat d_mazeSave.game.dat d_saveInventoryTest.game.dat d_saveLoadInventoryTest.game.dat d_swampSave.game.dat d_timeTravelEntitiesSave.game.dat design.pdf design_milestone_1+2.pdf design_milestone_1.pdf extract_coverage.sh gradle gradlew gradlew.bat images planning.pdf planning_milestone_1+2.pdf setup src testing.md testing.pdf timeTest.game.dat Get more help at https://help.gradle.org BUILD FAILED in 3s

22. Hidden Tests

